TN:
SF:D:\Development\WebStormWorkplace\varied-mobile\src\index.js
FN:98,(anonymous_0)
FN:99,(anonymous_1)
FNF:2
FNH:0
FNDA:0,(anonymous_0)
FNDA:0,(anonymous_1)
DA:49,0
DA:50,0
DA:98,0
DA:99,0
DA:100,0
DA:101,0
DA:102,0
DA:103,0
DA:109,0
LF:9
LH:0
BRDA:100,0,0,0
BRDA:100,0,1,0
BRDA:102,1,0,0
BRDA:102,1,1,0
BRDA:109,2,0,0
BRDA:109,3,0,0
BRDA:109,3,1,0
BRF:7
BRH:0
end_of_record
TN:
SF:D:\Development\WebStormWorkplace\varied-mobile\src\address-picker\index.vue
FN:73,address
FN:84,value
FN:87,isShow
FN:91,data
FN:103,selectTab
FN:123,select
FN:153,(anonymous_6)
FN:162,hide
FN:165,get
FN:186,(anonymous_9)
FN:200,compareFunction
FN:209,(anonymous_11)
FN:220,init
FN:222,(anonymous_13)
FN:243,created
FN:245,mounted
FN:2,(anonymous_16)
FNF:17
FNH:0
FNDA:0,address
FNDA:0,value
FNDA:0,isShow
FNDA:0,data
FNDA:0,selectTab
FNDA:0,select
FNDA:0,(anonymous_6)
FNDA:0,hide
FNDA:0,get
FNDA:0,(anonymous_9)
FNDA:0,compareFunction
FNDA:0,(anonymous_11)
FNDA:0,init
FNDA:0,(anonymous_13)
FNDA:0,created
FNDA:0,mounted
FNDA:0,(anonymous_16)
DA:2,0
DA:49,0
DA:50,0
DA:51,0
DA:52,0
DA:53,0
DA:74,0
DA:75,0
DA:76,0
DA:78,0
DA:79,0
DA:80,0
DA:85,0
DA:88,0
DA:92,0
DA:104,0
DA:106,0
DA:107,0
DA:108,0
DA:110,0
DA:112,0
DA:113,0
DA:114,0
DA:116,0
DA:117,0
DA:118,0
DA:120,0
DA:124,0
DA:126,0
DA:127,0
DA:128,0
DA:129,0
DA:131,0
DA:133,0
DA:135,0
DA:136,0
DA:137,0
DA:138,0
DA:140,0
DA:142,0
DA:144,0
DA:145,0
DA:146,0
DA:147,0
DA:149,0
DA:151,0
DA:152,0
DA:153,0
DA:154,0
DA:155,0
DA:156,0
DA:159,0
DA:160,0
DA:163,0
DA:166,0
DA:167,0
DA:168,0
DA:170,0
DA:171,0
DA:173,0
DA:174,0
DA:176,0
DA:177,0
DA:179,0
DA:180,0
DA:181,0
DA:182,0
DA:183,0
DA:184,0
DA:186,0
DA:187,0
DA:188,0
DA:189,0
DA:190,0
DA:192,0
DA:195,0
DA:197,0
DA:198,0
DA:200,0
DA:202,0
DA:206,0
DA:207,0
DA:208,0
DA:209,0
DA:210,0
DA:211,0
DA:212,0
DA:215,0
DA:216,0
DA:217,0
DA:220,0
DA:221,0
DA:222,0
DA:223,0
DA:224,0
DA:225,0
DA:226,0
DA:227,0
DA:229,0
DA:232,0
DA:234,0
DA:235,0
DA:239,0
DA:246,0
DA:247,0
DA:248,0
LF:106
LH:0
BRDA:75,0,0,0
BRDA:75,0,1,0
BRDA:78,1,0,0
BRDA:78,1,1,0
BRDA:105,2,0,0
BRDA:105,2,1,0
BRDA:105,2,2,0
BRDA:105,2,3,0
BRDA:106,3,0,0
BRDA:106,3,1,0
BRDA:125,4,0,0
BRDA:125,4,1,0
BRDA:125,4,2,0
BRDA:125,4,3,0
BRDA:128,5,0,0
BRDA:128,5,1,0
BRDA:137,6,0,0
BRDA:137,6,1,0
BRDA:154,7,0,0
BRDA:154,7,1,0
BRDA:169,8,0,0
BRDA:169,8,1,0
BRDA:169,8,2,0
BRDA:179,9,0,0
BRDA:179,9,1,0
BRDA:179,10,0,0
BRDA:179,10,1,0
BRDA:181,11,0,0
BRDA:181,11,1,0
BRDA:188,12,0,0
BRDA:188,12,1,0
BRDA:189,13,0,0
BRDA:189,13,1,0
BRDA:210,14,0,0
BRDA:210,14,1,0
BRDA:221,15,0,0
BRDA:221,15,1,0
BRDA:223,16,0,0
BRDA:223,16,1,0
BRDA:225,17,0,0
BRDA:225,17,1,0
BRDA:226,18,0,0
BRDA:226,18,1,0
BRDA:2,19,0,0
BRDA:2,19,1,0
BRF:45
BRH:0
end_of_record
TN:
SF:D:\Development\WebStormWorkplace\varied-mobile\src\button\index.vue
FN:65,data
FN:71,onClick
FN:77,onLongPress
FN:83,onTouchStart
FN:90,(anonymous_4)
FN:95,onTouchEnd
FN:106,style
FN:1,(anonymous_7)
FNF:8
FNH:3
FNDA:1,data
FNDA:0,onClick
FNDA:0,onLongPress
FNDA:0,onTouchStart
FNDA:0,(anonymous_4)
FNDA:0,onTouchEnd
FNDA:1,style
FNDA:2,(anonymous_7)
DA:1,9
DA:21,1
DA:22,1
DA:23,1
DA:66,1
DA:72,0
DA:73,0
DA:78,0
DA:79,0
DA:83,0
DA:85,0
DA:86,0
DA:89,0
DA:90,0
DA:91,0
DA:95,0
DA:98,0
DA:99,0
DA:102,0
DA:106,4
DA:108,1
DA:109,1
DA:110,1
DA:112,1
LF:24
LH:10
BRDA:72,0,0,0
BRDA:72,0,1,0
BRDA:72,1,0,0
BRDA:72,1,1,0
BRDA:78,2,0,0
BRDA:78,2,1,0
BRDA:78,3,0,0
BRDA:78,3,1,0
BRDA:85,4,0,0
BRDA:85,4,1,0
BRDA:85,5,0,0
BRDA:85,5,1,0
BRDA:85,5,2,0
BRDA:98,6,0,0
BRDA:98,6,1,0
BRDA:98,7,0,0
BRDA:98,7,1,0
BRDA:98,7,2,0
BRDA:1,8,0,2
BRDA:1,8,1,4
BRF:20
BRH:2
end_of_record
TN:
SF:D:\Development\WebStormWorkplace\varied-mobile\src\calendar\index.vue
FN:232,_default
FN:237,_default
FN:245,validator
FN:252,defaultDate
FN:257,data
FN:264,mounted
FN:268,activated
FN:273,reset
FN:278,init
FN:283,(anonymous_9)
FN:295,scrollIntoView
FN:296,(anonymous_11)
FN:312,(anonymous_12)
FN:324,getInitialDate
FN:353,onScroll
FN:356,(anonymous_15)
FN:357,(anonymous_16)
FN:399,onClickDay
FN:435,(anonymous_18)
FN:456,togglePopup
FN:460,onOpen
FN:464,select
FN:465,emit
FN:491,checkRange
FN:502,onConfirm
FN:506,onUpdateHeight
FN:511,buttonText
FN:514,months
FN:528,buttonDisabled
FN:543,dayOffset
FN:1,(anonymous_30)
FNF:31
FNH:20
FNDA:1,_default
FNDA:1,_default
FNDA:1,validator
FNDA:0,defaultDate
FNDA:1,data
FNDA:1,mounted
FNDA:0,activated
FNDA:0,reset
FNDA:1,init
FNDA:1,(anonymous_9)
FNDA:1,scrollIntoView
FNDA:1,(anonymous_11)
FNDA:1,(anonymous_12)
FNDA:1,getInitialDate
FNDA:1,onScroll
FNDA:7,(anonymous_15)
FNDA:7,(anonymous_16)
FNDA:0,onClickDay
FNDA:0,(anonymous_18)
FNDA:0,togglePopup
FNDA:0,onOpen
FNDA:0,select
FNDA:0,emit
FNDA:0,checkRange
FNDA:0,onConfirm
FNDA:7,onUpdateHeight
FNDA:1,buttonText
FNDA:1,months
FNDA:1,buttonDisabled
FNDA:1,dayOffset
FNDA:16,(anonymous_30)
DA:1,23
DA:132,1
DA:135,1
DA:136,1
DA:137,1
DA:138,1
DA:139,1
DA:141,1
DA:142,1
DA:143,1
DA:232,1
DA:238,1
DA:239,1
DA:245,1
DA:253,0
DA:254,0
DA:258,1
DA:265,1
DA:269,0
DA:274,0
DA:275,0
DA:278,1
DA:279,1
DA:280,0
DA:283,1
DA:286,1
DA:289,1
DA:291,1
DA:295,1
DA:296,1
DA:299,1
DA:300,0
DA:303,1
DA:305,1
DA:308,1
DA:312,1
DA:313,3
DA:315,1
DA:316,1
DA:319,0
DA:324,4
DA:327,1
DA:328,0
DA:331,1
DA:333,1
DA:334,0
DA:335,1
DA:336,0
DA:339,1
DA:341,0
DA:344,1
DA:345,0
DA:348,1
DA:353,3
DA:355,1
DA:356,8
DA:357,8
DA:360,1
DA:361,1
DA:362,0
DA:365,1
DA:370,1
DA:371,1
DA:372,1
DA:374,1
DA:375,7
DA:378,7
DA:379,1
DA:382,7
DA:383,7
DA:389,7
DA:390,7
DA:394,1
DA:395,1
DA:399,0
DA:400,0
DA:401,0
DA:407,0
DA:408,0
DA:409,0
DA:410,0
DA:415,0
DA:416,0
DA:418,0
DA:419,0
DA:420,0
DA:421,0
DA:422,0
DA:423,0
DA:426,0
DA:428,0
DA:429,0
DA:430,0
DA:431,0
DA:435,0
DA:436,0
DA:437,0
DA:438,0
DA:440,0
DA:443,0
DA:445,0
DA:446,0
DA:447,0
DA:449,0
DA:452,0
DA:457,0
DA:461,0
DA:464,0
DA:465,0
DA:466,0
DA:467,0
DA:470,0
DA:471,0
DA:473,0
DA:475,0
DA:476,0
DA:478,0
DA:480,0
DA:484,0
DA:486,0
DA:487,0
DA:491,0
DA:494,0
DA:495,0
DA:496,0
DA:499,0
DA:503,0
DA:507,7
DA:512,1
DA:515,1
DA:516,1
DA:518,1
DA:520,1
DA:521,7
DA:522,7
DA:525,1
DA:528,2
DA:531,1
DA:532,1
DA:533,0
DA:535,1
DA:536,0
DA:540,1
DA:544,1
LF:144
LH:75
BRDA:245,0,0,1
BRDA:245,0,1,1
BRDA:279,1,0,0
BRDA:279,1,1,1
BRDA:279,2,0,1
BRDA:279,2,1,1
BRDA:299,3,0,0
BRDA:299,3,1,1
BRDA:303,4,0,1
BRDA:303,4,1,0
BRDA:305,5,0,1
BRDA:305,5,1,0
BRDA:308,6,0,1
BRDA:308,7,0,1
BRDA:308,7,1,1
BRDA:313,8,0,1
BRDA:313,8,1,0
BRDA:327,9,0,0
BRDA:327,9,1,1
BRDA:333,10,0,0
BRDA:333,10,1,1
BRDA:335,11,0,0
BRDA:335,11,1,1
BRDA:339,12,0,0
BRDA:339,12,1,1
BRDA:339,13,0,0
BRDA:339,13,1,0
BRDA:341,14,0,0
BRDA:341,14,1,0
BRDA:344,15,0,0
BRDA:344,15,1,1
BRDA:345,16,0,0
BRDA:345,16,1,0
BRDA:348,17,0,1
BRDA:348,17,1,1
BRDA:361,18,0,0
BRDA:361,18,1,1
BRDA:361,19,0,1
BRDA:361,19,1,0
BRDA:375,20,0,7
BRDA:375,20,1,7
BRDA:378,21,0,1
BRDA:378,21,1,6
BRDA:378,22,0,7
BRDA:378,22,1,7
BRDA:382,23,0,7
BRDA:382,23,1,0
BRDA:382,24,0,7
BRDA:382,24,1,7
BRDA:394,25,0,1
BRDA:400,26,0,0
BRDA:400,26,1,0
BRDA:407,27,0,0
BRDA:407,27,1,0
BRDA:408,28,0,0
BRDA:408,28,1,0
BRDA:415,29,0,0
BRDA:415,29,1,0
BRDA:415,30,0,0
BRDA:415,30,1,0
BRDA:418,31,0,0
BRDA:418,31,1,0
BRDA:420,32,0,0
BRDA:420,32,1,0
BRDA:422,33,0,0
BRDA:422,33,1,0
BRDA:428,34,0,0
BRDA:428,34,1,0
BRDA:429,35,0,0
BRDA:429,35,1,0
BRDA:437,36,0,0
BRDA:437,36,1,0
BRDA:443,37,0,0
BRDA:443,37,1,0
BRDA:446,38,0,0
BRDA:446,38,1,0
BRDA:446,39,0,0
BRDA:446,39,1,0
BRDA:447,40,0,0
BRDA:447,40,1,0
BRDA:470,41,0,0
BRDA:470,41,1,0
BRDA:470,42,0,0
BRDA:470,42,1,0
BRDA:473,43,0,0
BRDA:473,43,1,0
BRDA:475,44,0,0
BRDA:475,44,1,0
BRDA:486,45,0,0
BRDA:486,45,1,0
BRDA:486,46,0,0
BRDA:486,46,1,0
BRDA:494,47,0,0
BRDA:494,47,1,0
BRDA:494,48,0,0
BRDA:494,48,1,0
BRDA:495,49,0,0
BRDA:495,49,1,0
BRDA:512,50,0,0
BRDA:512,50,1,1
BRDA:531,51,0,1
BRDA:531,51,1,0
BRDA:532,52,0,0
BRDA:532,52,1,1
BRDA:533,53,0,0
BRDA:533,53,1,0
BRDA:535,54,0,0
BRDA:535,54,1,1
BRDA:544,55,0,0
BRDA:544,55,1,1
BRDA:1,56,0,22
BRDA:1,56,1,6
BRF:112
BRH:38
end_of_record
TN:
SF:D:\Development\WebStormWorkplace\varied-mobile\src\calendar\utils.js
FN:1,compareMonth
FN:14,formatMonthTitle
FN:18,compareDay
FN:31,getDayByOffset
FN:38,getPrevDay
FN:42,getNextDay
FN:46,calcDateNum
FN:52,copyDate
FN:56,copyDates
FN:58,(anonymous_9)
FN:70,getMonthEndDay
FN:74,(anonymous_11)
FNF:12
FNH:4
FNDA:589,compareMonth
FNDA:7,formatMonthTitle
FNDA:581,compareDay
FNDA:0,getDayByOffset
FNDA:0,getPrevDay
FNDA:0,getNextDay
FNDA:0,calcDateNum
FNDA:0,copyDate
FNDA:0,copyDates
FNDA:0,(anonymous_9)
FNDA:7,getMonthEndDay
FNDA:0,(anonymous_11)
DA:2,589
DA:3,589
DA:4,589
DA:5,589
DA:7,589
DA:8,254
DA:11,335
DA:15,7
DA:19,581
DA:21,581
DA:22,65
DA:23,65
DA:25,65
DA:28,516
DA:32,0
DA:33,0
DA:35,0
DA:39,0
DA:43,0
DA:47,0
DA:48,0
DA:49,0
DA:53,0
DA:57,0
DA:58,0
DA:59,0
DA:60,0
DA:63,0
DA:67,0
DA:71,7
DA:74,1
LF:31
LH:16
BRDA:7,0,0,254
BRDA:7,0,1,335
BRDA:8,1,0,67
BRDA:8,1,1,187
BRDA:8,2,0,63
BRDA:8,2,1,124
BRDA:11,3,0,299
BRDA:11,3,1,36
BRDA:21,4,0,65
BRDA:21,4,1,516
BRDA:25,5,0,4
BRDA:25,5,1,61
BRDA:25,6,0,7
BRDA:25,6,1,54
BRDA:57,7,0,0
BRDA:57,7,1,0
BRDA:59,8,0,0
BRDA:59,8,1,0
BRF:18
BRH:14
end_of_record
TN:
SF:D:\Development\WebStormWorkplace\varied-mobile\src\calendar\components\Header.vue
FN:34,data
FN:40,renderWeekDays
FN:1,(anonymous_2)
FNF:3
FNH:3
FNDA:1,data
FNDA:1,renderWeekDays
FNDA:16,(anonymous_2)
DA:1,23
DA:35,1
DA:40,2
DA:43,1
LF:4
LH:4
BRDA:1,0,0,2
BRDA:1,0,1,2
BRF:2
BRH:2
end_of_record
TN:
SF:D:\Development\WebStormWorkplace\varied-mobile\src\calendar\components\Month.vue
FN:71,shouldRender
FN:73,(anonymous_1)
FN:81,realRowHeight
FN:85,data
FN:91,onClick
FN:96,getHeight
FN:103,scrollIntoView
FN:115,getMultipleDayType
FN:116,isSelected
FN:139,getRangeDayType
FN:171,getDayType
FN:196,getBottomInfo
FN:210,getDayStyle
FN:237,selectedStyle
FN:244,title
FN:247,rowHeightWithUnit
FN:250,offset
FN:261,totalDay
FN:264,shouldRender
FN:267,monthStyle
FN:276,days
FN:1,(anonymous_22)
FNF:22
FNH:17
FNDA:7,shouldRender
FNDA:7,(anonymous_1)
FNDA:0,realRowHeight
FNDA:7,data
FNDA:0,onClick
FNDA:7,getHeight
FNDA:1,scrollIntoView
FNDA:0,getMultipleDayType
FNDA:0,isSelected
FNDA:0,getRangeDayType
FNDA:212,getDayType
FNDA:212,getBottomInfo
FNDA:212,getDayStyle
FNDA:1,selectedStyle
FNDA:7,title
FNDA:7,rowHeightWithUnit
FNDA:7,offset
FNDA:7,totalDay
FNDA:14,shouldRender
FNDA:14,monthStyle
FNDA:7,days
FNDA:226,(anonymous_22)
DA:1,257
DA:40,1
DA:41,1
DA:48,1
DA:71,7
DA:72,7
DA:73,7
DA:74,14
DA:76,7
DA:82,0
DA:86,7
DA:92,0
DA:93,0
DA:97,7
DA:98,7
DA:100,7
DA:103,3
DA:105,1
DA:107,1
DA:112,1
DA:115,0
DA:116,0
DA:117,0
DA:119,0
DA:120,0
DA:121,0
DA:122,0
DA:123,0
DA:125,0
DA:126,0
DA:129,0
DA:130,0
DA:133,0
DA:136,0
DA:139,0
DA:142,0
DA:143,0
DA:146,0
DA:148,0
DA:149,0
DA:152,0
DA:154,0
DA:155,0
DA:158,0
DA:159,0
DA:162,0
DA:163,0
DA:166,0
DA:167,0
DA:171,848
DA:174,212
DA:175,30
DA:178,182
DA:179,0
DA:182,182
DA:183,182
DA:186,0
DA:187,0
DA:191,0
DA:192,0
DA:197,212
DA:198,0
DA:199,0
DA:201,0
DA:202,0
DA:204,0
DA:205,0
DA:211,212
DA:215,212
DA:216,7
DA:219,212
DA:220,0
DA:227,0
DA:228,0
DA:229,0
DA:233,212
DA:238,1
DA:245,7
DA:248,7
DA:250,7
DA:253,7
DA:255,7
DA:256,7
DA:259,0
DA:262,7
DA:265,14
DA:268,14
DA:269,7
DA:271,7
DA:277,7
DA:278,7
DA:279,7
DA:281,7
DA:282,212
DA:283,212
DA:285,212
DA:292,212
DA:293,0
DA:296,212
DA:299,7
LF:100
LH:51
BRDA:72,0,0,7
BRDA:72,0,1,0
BRDA:74,1,0,7
BRDA:74,1,1,0
BRDA:74,2,0,7
BRDA:74,2,1,7
BRDA:92,3,0,0
BRDA:92,3,1,0
BRDA:97,4,0,7
BRDA:97,4,1,0
BRDA:105,5,0,1
BRDA:105,5,1,0
BRDA:119,6,0,0
BRDA:119,6,1,0
BRDA:125,7,0,0
BRDA:125,7,1,0
BRDA:125,8,0,0
BRDA:125,8,1,0
BRDA:129,9,0,0
BRDA:129,9,1,0
BRDA:133,10,0,0
BRDA:133,10,1,0
BRDA:142,11,0,0
BRDA:142,11,1,0
BRDA:148,12,0,0
BRDA:148,12,1,0
BRDA:149,13,0,0
BRDA:149,13,1,0
BRDA:154,14,0,0
BRDA:154,14,1,0
BRDA:154,15,0,0
BRDA:154,15,1,0
BRDA:154,15,2,0
BRDA:158,16,0,0
BRDA:158,16,1,0
BRDA:162,17,0,0
BRDA:162,17,1,0
BRDA:166,18,0,0
BRDA:166,18,1,0
BRDA:166,19,0,0
BRDA:166,19,1,0
BRDA:174,20,0,30
BRDA:174,20,1,182
BRDA:174,21,0,212
BRDA:174,21,1,185
BRDA:178,22,0,0
BRDA:178,22,1,182
BRDA:182,23,0,182
BRDA:182,23,1,0
BRDA:183,24,0,1
BRDA:183,24,1,181
BRDA:186,25,0,0
BRDA:186,25,1,0
BRDA:191,26,0,0
BRDA:197,27,0,0
BRDA:197,27,1,212
BRDA:198,28,0,0
BRDA:198,28,1,0
BRDA:201,29,0,0
BRDA:201,29,1,0
BRDA:204,30,0,0
BRDA:204,30,1,0
BRDA:215,31,0,7
BRDA:215,31,1,205
BRDA:219,32,0,0
BRDA:219,32,1,212
BRDA:220,33,0,0
BRDA:220,33,1,0
BRDA:220,34,0,0
BRDA:220,34,1,0
BRDA:220,34,2,0
BRDA:220,34,3,0
BRDA:220,34,4,0
BRDA:228,35,0,0
BRDA:228,35,1,0
BRDA:255,36,0,7
BRDA:255,36,1,0
BRDA:265,37,0,14
BRDA:265,37,1,7
BRDA:268,38,0,7
BRDA:268,38,1,7
BRDA:292,39,0,0
BRDA:292,39,1,212
BRDA:1,40,0,28
BRDA:1,40,1,1067
BRF:85
BRH:26
end_of_record
TN:
SF:D:\Development\WebStormWorkplace\varied-mobile\src\calendar\test\utils.js
FN:5,formatDate
FN:13,formatRange
FN:17,formatMultiple
FNF:3
FNH:0
FNDA:0,formatDate
FNDA:0,formatRange
FNDA:0,formatMultiple
DA:1,1
DA:2,1
DA:3,1
DA:6,0
DA:7,0
DA:10,0
DA:14,0
DA:18,0
LF:8
LH:3
BRDA:6,0,0,0
BRDA:6,0,1,0
BRF:2
BRH:0
end_of_record
TN:
SF:D:\Development\WebStormWorkplace\varied-mobile\src\carousel-map\index.vue
FN:29,index
FN:36,_default
FN:63,data
FN:75,onClick
FN:78,start
FN:83,move
FN:106,end
FN:150,created
FN:152,(anonymous_8)
FN:157,mounted
FN:2,(anonymous_10)
FNF:11
FNH:0
FNDA:0,index
FNDA:0,_default
FNDA:0,data
FNDA:0,onClick
FNDA:0,start
FNDA:0,move
FNDA:0,end
FNDA:0,created
FNDA:0,(anonymous_8)
FNDA:0,mounted
FNDA:0,(anonymous_10)
DA:2,0
DA:24,0
DA:30,0
DA:36,0
DA:64,0
DA:76,0
DA:79,0
DA:80,0
DA:81,0
DA:84,0
DA:85,0
DA:86,0
DA:88,0
DA:89,0
DA:90,0
DA:91,0
DA:92,0
DA:93,0
DA:95,0
DA:96,0
DA:97,0
DA:99,0
DA:100,0
DA:101,0
DA:102,0
DA:104,0
DA:107,0
DA:108,0
DA:109,0
DA:111,0
DA:112,0
DA:113,0
DA:114,0
DA:115,0
DA:116,0
DA:117,0
DA:118,0
DA:119,0
DA:121,0
DA:122,0
DA:123,0
DA:124,0
DA:125,0
DA:126,0
DA:127,0
DA:128,0
DA:129,0
DA:131,0
DA:132,0
DA:135,0
DA:136,0
DA:137,0
DA:138,0
DA:139,0
DA:140,0
DA:141,0
DA:142,0
DA:144,0
DA:145,0
DA:150,0
DA:151,0
DA:152,0
DA:153,0
DA:155,0
DA:158,0
DA:159,0
DA:160,0
DA:161,0
DA:162,0
DA:164,0
DA:165,0
DA:166,0
DA:167,0
DA:168,0
LF:74
LH:0
BRDA:85,0,0,0
BRDA:85,0,1,0
BRDA:85,1,0,0
BRDA:85,1,1,0
BRDA:90,2,0,0
BRDA:90,2,1,0
BRDA:92,3,0,0
BRDA:92,3,1,0
BRDA:93,4,0,0
BRDA:93,4,1,0
BRDA:96,5,0,0
BRDA:96,5,1,0
BRDA:97,6,0,0
BRDA:97,6,1,0
BRDA:101,7,0,0
BRDA:101,7,1,0
BRDA:101,8,0,0
BRDA:101,8,1,0
BRDA:107,9,0,0
BRDA:107,9,1,0
BRDA:112,10,0,0
BRDA:112,10,1,0
BRDA:113,11,0,0
BRDA:113,11,1,0
BRDA:121,12,0,0
BRDA:121,12,1,0
BRDA:124,13,0,0
BRDA:124,13,1,0
BRDA:137,14,0,0
BRDA:137,14,1,0
BRF:30
BRH:0
end_of_record
TN:
SF:D:\Development\WebStormWorkplace\varied-mobile\src\cell\index.vue
FN:82,onClick
FN:1,(anonymous_1)
FNF:2
FNH:0
FNDA:0,onClick
FNDA:0,(anonymous_1)
DA:1,3
DA:60,1
DA:61,1
DA:62,1
DA:63,1
DA:83,0
DA:84,0
LF:7
LH:5
BRDA:1,0,0,0
BRDA:1,0,1,0
BRF:2
BRH:0
end_of_record
TN:
SF:D:\Development\WebStormWorkplace\varied-mobile\src\cell-group\index.vue
FN:1,(anonymous_0)
FNF:1
FNH:0
FNDA:0,(anonymous_0)
DA:1,3
DA:14,1
LF:2
LH:2
BRDA:1,0,0,0
BRDA:1,0,1,0
BRF:2
BRH:0
end_of_record
TN:
SF:D:\Development\WebStormWorkplace\varied-mobile\src\checkbox\index.vue
FN:52,iconSizeC
FN:56,get
FN:62,set
FN:71,isDisabled
FN:75,iconStyle
FN:85,direction
FN:91,value
FN:96,created
FN:101,addUnits
FN:104,toggle
FN:111,setParentValue
FN:1,(anonymous_11)
FNF:12
FNH:0
FNDA:0,iconSizeC
FNDA:0,get
FNDA:0,set
FNDA:0,isDisabled
FNDA:0,iconStyle
FNDA:0,direction
FNDA:0,value
FNDA:0,created
FNDA:0,addUnits
FNDA:0,toggle
FNDA:0,setParentValue
FNDA:0,(anonymous_11)
DA:1,0
DA:29,0
DA:30,0
DA:31,0
DA:53,0
DA:57,0
DA:63,0
DA:64,0
DA:66,0
DA:72,0
DA:76,0
DA:77,0
DA:78,0
DA:86,0
DA:92,0
DA:97,0
DA:102,0
DA:105,0
DA:106,0
DA:107,0
DA:111,0
DA:113,0
DA:115,0
DA:116,0
DA:117,0
DA:121,0
DA:122,0
DA:123,0
DA:126,0
DA:129,0
DA:130,0
DA:131,0
LF:32
LH:0
BRDA:53,0,0,0
BRDA:53,0,1,0
BRDA:53,0,2,0
BRDA:57,1,0,0
BRDA:57,1,1,0
BRDA:63,2,0,0
BRDA:63,2,1,0
BRDA:72,3,0,0
BRDA:72,3,1,0
BRDA:72,3,2,0
BRDA:76,4,0,0
BRDA:76,4,1,0
BRDA:76,4,2,0
BRDA:77,5,0,0
BRDA:77,5,1,0
BRDA:77,6,0,0
BRDA:77,6,1,0
BRDA:77,6,2,0
BRDA:86,7,0,0
BRDA:86,7,1,0
BRDA:86,7,2,0
BRDA:106,8,0,0
BRDA:106,8,1,0
BRDA:106,9,0,0
BRDA:106,9,1,0
BRDA:115,10,0,0
BRDA:115,10,1,0
BRDA:116,11,0,0
BRDA:116,11,1,0
BRDA:116,12,0,0
BRDA:116,12,1,0
BRDA:121,13,0,0
BRDA:129,14,0,0
BRDA:1,15,0,0
BRDA:1,15,1,0
BRF:35
BRH:0
end_of_record
TN:
SF:D:\Development\WebStormWorkplace\varied-mobile\src\checkbox-group\index.vue
FN:23,value
FN:28,toggleAll
FN:36,(anonymous_2)
FN:39,(anonymous_3)
FN:1,(anonymous_4)
FNF:5
FNH:0
FNDA:0,value
FNDA:0,toggleAll
FNDA:0,(anonymous_2)
FNDA:0,(anonymous_3)
FNDA:0,(anonymous_4)
DA:1,0
DA:8,0
DA:24,0
DA:28,0
DA:29,0
DA:30,0
DA:31,0
DA:35,0
DA:36,0
DA:39,0
DA:40,0
LF:11
LH:0
BRDA:29,0,0,0
BRDA:29,0,1,0
BRDA:35,1,0,0
BRDA:35,1,1,0
BRF:4
BRH:0
end_of_record
TN:
SF:D:\Development\WebStormWorkplace\varied-mobile\src\col\index.vue
FN:27,gutter
FN:31,style
FN:1,(anonymous_2)
FNF:3
FNH:0
FNDA:0,gutter
FNDA:0,style
FNDA:0,(anonymous_2)
DA:1,0
DA:12,0
DA:28,0
DA:32,0
DA:33,0
LF:5
LH:0
BRDA:28,0,0,0
BRDA:28,0,1,0
BRDA:28,0,2,0
BRDA:33,1,0,0
BRDA:33,1,1,0
BRF:5
BRH:0
end_of_record
TN:
SF:D:\Development\WebStormWorkplace\varied-mobile\src\collapse\index.vue
FN:21,data
FN:28,_switch
FN:30,(anonymous_2)
FN:1,(anonymous_3)
FNF:4
FNH:0
FNDA:0,data
FNDA:0,_switch
FNDA:0,(anonymous_2)
FNDA:0,(anonymous_3)
DA:1,0
DA:11,0
DA:22,0
DA:29,0
DA:30,0
DA:32,0
DA:34,0
DA:35,0
LF:8
LH:0
BRDA:29,0,0,0
BRDA:29,0,1,0
BRDA:30,1,0,0
BRDA:30,1,1,0
BRF:4
BRH:0
end_of_record
TN:
SF:D:\Development\WebStormWorkplace\varied-mobile\src\collapse-item\index.vue
FN:47,data
FN:55,items
FN:59,index
FN:63,currentName
FN:67,expanded
FN:73,(anonymous_5)
FN:79,created
FN:86,destroyed
FN:91,expanded
FN:101,(anonymous_9)
FN:109,(anonymous_10)
FN:117,onClick
FN:131,onTransitionEnd
FN:1,(anonymous_13)
FNF:14
FNH:0
FNDA:0,data
FNDA:0,items
FNDA:0,index
FNDA:0,currentName
FNDA:0,expanded
FNDA:0,(anonymous_5)
FNDA:0,created
FNDA:0,destroyed
FNDA:0,expanded
FNDA:0,(anonymous_9)
FNDA:0,(anonymous_10)
FNDA:0,onClick
FNDA:0,onTransitionEnd
FNDA:0,(anonymous_13)
DA:1,0
DA:28,0
DA:29,0
DA:30,0
DA:31,0
DA:48,0
DA:56,0
DA:60,0
DA:64,0
DA:67,0
DA:68,0
DA:69,0
DA:73,0
DA:75,0
DA:80,0
DA:81,0
DA:82,0
DA:83,0
DA:87,0
DA:91,0
DA:92,0
DA:93,0
DA:96,0
DA:97,0
DA:98,0
DA:101,0
DA:103,0
DA:104,0
DA:107,0
DA:108,0
DA:109,0
DA:110,0
DA:117,0
DA:118,0
DA:119,0
DA:123,0
DA:127,0
DA:128,0
DA:132,0
DA:133,0
DA:135,0
LF:41
LH:0
BRDA:64,0,0,0
BRDA:64,0,1,0
BRDA:68,1,0,0
BRDA:68,1,1,0
BRDA:73,2,0,0
BRDA:73,2,1,0
BRDA:92,3,0,0
BRDA:92,3,1,0
BRDA:96,4,0,0
BRDA:96,4,1,0
BRDA:103,5,0,0
BRDA:103,5,1,0
BRDA:103,6,0,0
BRDA:103,6,1,0
BRDA:108,7,0,0
BRDA:108,7,1,0
BRDA:110,8,0,0
BRDA:110,8,1,0
BRDA:118,9,0,0
BRDA:118,9,1,0
BRDA:123,10,0,0
BRDA:123,10,1,0
BRDA:132,11,0,0
BRDA:132,11,1,0
BRDA:1,12,0,0
BRDA:1,12,1,0
BRF:26
BRH:0
end_of_record
TN:
SF:D:\Development\WebStormWorkplace\varied-mobile\src\data-process\Barrett.js
FN:16,BarrettMu
FN:30,BarrettMu_modulo
FN:50,BarrettMu_multiplyMod
FN:60,BarrettMu_powMod
FNF:4
FNH:0
FNDA:0,BarrettMu
FNDA:0,BarrettMu_modulo
FNDA:0,BarrettMu_multiplyMod
FNDA:0,BarrettMu_powMod
DA:18,0
DA:19,0
DA:20,0
DA:21,0
DA:22,0
DA:23,0
DA:24,0
DA:25,0
DA:26,0
DA:27,0
DA:32,0
DA:33,0
DA:34,0
DA:35,0
DA:36,0
DA:37,0
DA:38,0
DA:39,0
DA:40,0
DA:42,0
DA:43,0
DA:44,0
DA:45,0
DA:47,0
DA:56,0
DA:57,0
DA:62,0
DA:63,0
DA:64,0
DA:65,0
DA:66,0
DA:67,0
DA:68,0
DA:69,0
DA:70,0
DA:72,0
LF:36
LH:0
BRDA:39,0,0,0
BRDA:39,0,1,0
BRDA:67,1,0,0
BRDA:67,1,1,0
BRDA:69,2,0,0
BRDA:69,2,1,0
BRDA:69,3,0,0
BRDA:69,3,1,0
BRF:8
BRH:0
end_of_record
TN:
SF:D:\Development\WebStormWorkplace\varied-mobile\src\data-process\BigInt.js
FN:72,setMaxDigits
FN:90,BigInt
FN:101,biFromDecimal
FN:127,biCopy
FN:135,biFromNumber
FN:148,reverseStr
FN:164,biToString
FN:179,biToDecimal
FN:195,digitToHex
FN:206,biToHex
FN:216,charToHex
FN:238,hexToDigit
FN:249,biFromHex
FN:259,biFromString
FN:277,biDump
FN:282,biAdd
FN:305,biSubtract
FN:344,biHighIndex
FN:351,biNumBits
FN:364,biMultiply
FN:388,biMultiplyDigit
FN:405,arrayCopy
FN:417,biShiftLeft
FN:439,biShiftRight
FN:456,biMultiplyByRadixPower
FN:463,biDivideByRadixPower
FN:470,biModuloByRadixPower
FN:477,biCompare
FN:494,biDivideModulo
FN:586,biDivide
FN:591,biModulo
FN:596,biMultiplyMod
FN:601,biPow
FN:614,biPowMod
FNF:34
FNH:0
FNDA:0,setMaxDigits
FNDA:0,BigInt
FNDA:0,biFromDecimal
FNDA:0,biCopy
FNDA:0,biFromNumber
FNDA:0,reverseStr
FNDA:0,biToString
FNDA:0,biToDecimal
FNDA:0,digitToHex
FNDA:0,biToHex
FNDA:0,charToHex
FNDA:0,hexToDigit
FNDA:0,biFromHex
FNDA:0,biFromString
FNDA:0,biDump
FNDA:0,biAdd
FNDA:0,biSubtract
FNDA:0,biHighIndex
FNDA:0,biNumBits
FNDA:0,biMultiply
FNDA:0,biMultiplyDigit
FNDA:0,arrayCopy
FNDA:0,biShiftLeft
FNDA:0,biShiftRight
FNDA:0,biMultiplyByRadixPower
FNDA:0,biDivideByRadixPower
FNDA:0,biModuloByRadixPower
FNDA:0,biCompare
FNDA:0,biDivideModulo
FNDA:0,biDivide
FNDA:0,biModulo
FNDA:0,biMultiplyMod
FNDA:0,biPow
FNDA:0,biPowMod
DA:49,0
DA:50,0
DA:51,0
DA:52,0
DA:53,0
DA:54,0
DA:55,0
DA:56,0
DA:74,0
DA:75,0
DA:76,0
DA:77,0
DA:78,0
DA:79,0
DA:82,0
DA:86,0
DA:88,0
DA:92,0
DA:93,0
DA:96,0
DA:98,0
DA:103,0
DA:104,0
DA:107,0
DA:108,0
DA:109,0
DA:112,0
DA:113,0
DA:114,0
DA:115,0
DA:116,0
DA:117,0
DA:118,0
DA:120,0
DA:122,0
DA:124,0
DA:129,0
DA:130,0
DA:131,0
DA:132,0
DA:137,0
DA:138,0
DA:139,0
DA:140,0
DA:141,0
DA:142,0
DA:143,0
DA:145,0
DA:150,0
DA:151,0
DA:152,0
DA:154,0
DA:157,0
DA:167,0
DA:168,0
DA:169,0
DA:170,0
DA:171,0
DA:172,0
DA:173,0
DA:174,0
DA:176,0
DA:181,0
DA:182,0
DA:183,0
DA:184,0
DA:185,0
DA:186,0
DA:187,0
DA:189,0
DA:192,0
DA:197,0
DA:198,0
DA:199,0
DA:200,0
DA:201,0
DA:203,0
DA:208,0
DA:209,0
DA:210,0
DA:211,0
DA:213,0
DA:218,0
DA:219,0
DA:220,0
DA:221,0
DA:222,0
DA:223,0
DA:226,0
DA:227,0
DA:228,0
DA:229,0
DA:230,0
DA:231,0
DA:233,0
DA:235,0
DA:240,0
DA:241,0
DA:242,0
DA:243,0
DA:244,0
DA:246,0
DA:251,0
DA:252,0
DA:253,0
DA:254,0
DA:256,0
DA:261,0
DA:262,0
DA:263,0
DA:264,0
DA:265,0
DA:266,0
DA:267,0
DA:268,0
DA:269,0
DA:270,0
DA:271,0
DA:273,0
DA:274,0
DA:279,0
DA:286,0
DA:287,0
DA:288,0
DA:289,0
DA:292,0
DA:293,0
DA:295,0
DA:296,0
DA:297,0
DA:298,0
DA:300,0
DA:302,0
DA:308,0
DA:309,0
DA:310,0
DA:311,0
DA:313,0
DA:315,0
DA:316,0
DA:317,0
DA:318,0
DA:320,0
DA:321,0
DA:324,0
DA:325,0
DA:326,0
DA:327,0
DA:328,0
DA:330,0
DA:331,0
DA:334,0
DA:337,0
DA:340,0
DA:346,0
DA:347,0
DA:348,0
DA:353,0
DA:354,0
DA:355,0
DA:357,0
DA:358,0
DA:359,0
DA:361,0
DA:366,0
DA:368,0
DA:369,0
DA:372,0
DA:373,0
DA:374,0
DA:375,0
DA:376,0
DA:377,0
DA:378,0
DA:381,0
DA:384,0
DA:385,0
DA:392,0
DA:393,0
DA:394,0
DA:395,0
DA:396,0
DA:397,0
DA:398,0
DA:401,0
DA:402,0
DA:407,0
DA:408,0
DA:409,0
DA:413,0
DA:419,0
DA:420,0
DA:421,0
DA:423,0
DA:424,0
DA:425,0
DA:426,0
DA:430,0
DA:431,0
DA:432,0
DA:435,0
DA:441,0
DA:442,0
DA:443,0
DA:445,0
DA:446,0
DA:447,0
DA:448,0
DA:451,0
DA:452,0
DA:453,0
DA:458,0
DA:459,0
DA:460,0
DA:465,0
DA:466,0
DA:467,0
DA:472,0
DA:473,0
DA:474,0
DA:479,0
DA:480,0
DA:482,0
DA:483,0
DA:484,0
DA:485,0
DA:487,0
DA:491,0
DA:496,0
DA:497,0
DA:498,0
DA:500,0
DA:502,0
DA:503,0
DA:504,0
DA:505,0
DA:506,0
DA:507,0
DA:509,0
DA:510,0
DA:512,0
DA:513,0
DA:515,0
DA:518,0
DA:519,0
DA:522,0
DA:523,0
DA:524,0
DA:525,0
DA:526,0
DA:527,0
DA:528,0
DA:532,0
DA:533,0
DA:534,0
DA:536,0
DA:537,0
DA:538,0
DA:539,0
DA:541,0
DA:542,0
DA:543,0
DA:544,0
DA:545,0
DA:546,0
DA:547,0
DA:548,0
DA:550,0
DA:553,0
DA:554,0
DA:555,0
DA:556,0
DA:557,0
DA:558,0
DA:561,0
DA:562,0
DA:563,0
DA:564,0
DA:565,0
DA:568,0
DA:570,0
DA:571,0
DA:572,0
DA:573,0
DA:575,0
DA:577,0
DA:578,0
DA:581,0
DA:583,0
DA:588,0
DA:593,0
DA:598,0
DA:603,0
DA:604,0
DA:605,0
DA:606,0
DA:607,0
DA:608,0
DA:609,0
DA:611,0
DA:616,0
DA:617,0
DA:618,0
DA:619,0
DA:620,0
DA:621,0
DA:622,0
DA:623,0
DA:625,0
LF:309
LH:0
BRDA:92,0,0,0
BRDA:92,0,1,0
BRDA:92,1,0,0
BRDA:92,1,1,0
BRDA:104,2,0,0
BRDA:104,2,1,0
BRDA:107,3,0,0
BRDA:107,3,1,0
BRDA:108,4,0,0
BRDA:108,4,1,0
BRDA:114,5,0,0
BRDA:114,5,1,0
BRDA:176,6,0,0
BRDA:176,6,1,0
BRDA:189,7,0,0
BRDA:189,7,1,0
BRDA:226,8,0,0
BRDA:226,8,1,0
BRDA:226,9,0,0
BRDA:226,9,1,0
BRDA:228,10,0,0
BRDA:228,10,1,0
BRDA:228,11,0,0
BRDA:228,11,1,0
BRDA:230,12,0,0
BRDA:230,12,1,0
BRDA:230,13,0,0
BRDA:230,13,1,0
BRDA:262,14,0,0
BRDA:262,14,1,0
BRDA:279,15,0,0
BRDA:279,15,1,0
BRDA:286,16,0,0
BRDA:286,16,1,0
BRDA:308,17,0,0
BRDA:308,17,1,0
BRDA:320,18,0,0
BRDA:320,18,1,0
BRDA:324,19,0,0
BRDA:324,19,1,0
BRDA:330,20,0,0
BRDA:330,20,1,0
BRDA:347,21,0,0
BRDA:347,21,1,0
BRDA:358,22,0,0
BRDA:358,22,1,0
BRDA:479,23,0,0
BRDA:479,23,1,0
BRDA:483,24,0,0
BRDA:483,24,1,0
BRDA:484,25,0,0
BRDA:484,25,1,0
BRDA:500,26,0,0
BRDA:500,26,1,0
BRDA:502,27,0,0
BRDA:502,27,1,0
BRDA:542,28,0,0
BRDA:542,28,1,0
BRDA:543,29,0,0
BRDA:543,29,1,0
BRDA:544,30,0,0
BRDA:544,30,1,0
BRDA:545,31,0,0
BRDA:545,31,1,0
BRDA:546,32,0,0
BRDA:546,32,1,0
BRDA:547,33,0,0
BRDA:547,33,1,0
BRDA:563,34,0,0
BRDA:563,34,1,0
BRDA:571,35,0,0
BRDA:571,35,1,0
BRDA:572,36,0,0
BRDA:572,36,1,0
BRDA:581,37,0,0
BRDA:581,37,1,0
BRDA:581,38,0,0
BRDA:581,38,1,0
BRDA:606,39,0,0
BRDA:606,39,1,0
BRDA:608,40,0,0
BRDA:608,40,1,0
BRDA:620,41,0,0
BRDA:620,41,1,0
BRDA:622,42,0,0
BRDA:622,42,1,0
BRDA:622,43,0,0
BRDA:622,43,1,0
BRF:88
BRH:0
end_of_record
TN:
SF:D:\Development\WebStormWorkplace\varied-mobile\src\data-process\aes.js
FN:21,(anonymous_0)
FN:52,(anonymous_1)
FN:84,(anonymous_2)
FN:91,(anonymous_3)
FN:100,(anonymous_4)
FN:118,(anonymous_5)
FN:125,(anonymous_6)
FN:130,(anonymous_7)
FN:186,(anonymous_8)
FN:261,(anonymous_9)
FN:337,(anonymous_10)
FN:380,(anonymous_11)
FN:427,(anonymous_12)
FN:432,(anonymous_13)
FN:438,(anonymous_14)
FN:451,(anonymous_15)
FN:455,(anonymous_16)
FN:461,(anonymous_17)
FNF:18
FNH:0
FNDA:0,(anonymous_0)
FNDA:0,(anonymous_1)
FNDA:0,(anonymous_2)
FNDA:0,(anonymous_3)
FNDA:0,(anonymous_4)
FNDA:0,(anonymous_5)
FNDA:0,(anonymous_6)
FNDA:0,(anonymous_7)
FNDA:0,(anonymous_8)
FNDA:0,(anonymous_9)
FNDA:0,(anonymous_10)
FNDA:0,(anonymous_11)
FNDA:0,(anonymous_12)
FNDA:0,(anonymous_13)
FNDA:0,(anonymous_14)
FNDA:0,(anonymous_15)
FNDA:0,(anonymous_16)
FNDA:0,(anonymous_17)
DA:11,0
DA:21,0
DA:22,0
DA:23,0
DA:25,0
DA:26,0
DA:28,0
DA:30,0
DA:31,0
DA:32,0
DA:33,0
DA:34,0
DA:37,0
DA:38,0
DA:39,0
DA:41,0
DA:42,0
DA:43,0
DA:52,0
DA:53,0
DA:54,0
DA:55,0
DA:57,0
DA:58,0
DA:60,0
DA:61,0
DA:62,0
DA:65,0
DA:66,0
DA:67,0
DA:68,0
DA:69,0
DA:70,0
DA:71,0
DA:72,0
DA:74,0
DA:77,0
DA:84,0
DA:85,0
DA:86,0
DA:88,0
DA:91,0
DA:92,0
DA:93,0
DA:94,0
DA:95,0
DA:97,0
DA:100,0
DA:101,0
DA:102,0
DA:103,0
DA:104,0
DA:105,0
DA:106,0
DA:110,0
DA:111,0
DA:112,0
DA:113,0
DA:115,0
DA:118,0
DA:119,0
DA:120,0
DA:122,0
DA:125,0
DA:126,0
DA:127,0
DA:130,0
DA:131,0
DA:132,0
DA:133,0
DA:134,0
DA:138,0
DA:156,0
DA:174,0
DA:186,0
DA:187,0
DA:188,0
DA:189,0
DA:190,0
DA:195,0
DA:196,0
DA:197,0
DA:198,0
DA:200,0
DA:201,0
DA:205,0
DA:207,0
DA:208,0
DA:209,0
DA:210,0
DA:212,0
DA:213,0
DA:214,0
DA:217,0
DA:218,0
DA:221,0
DA:223,0
DA:224,0
DA:226,0
DA:229,0
DA:230,0
DA:232,0
DA:235,0
DA:236,0
DA:238,0
DA:239,0
DA:240,0
DA:242,0
DA:246,0
DA:247,0
DA:250,0
DA:261,0
DA:262,0
DA:263,0
DA:264,0
DA:265,0
DA:269,0
DA:270,0
DA:271,0
DA:272,0
DA:274,0
DA:275,0
DA:278,0
DA:279,0
DA:280,0
DA:283,0
DA:286,0
DA:287,0
DA:288,0
DA:289,0
DA:292,0
DA:294,0
DA:296,0
DA:297,0
DA:299,0
DA:301,0
DA:302,0
DA:304,0
DA:305,0
DA:307,0
DA:311,0
DA:312,0
DA:315,0
DA:324,0
DA:326,0
DA:337,0
DA:338,0
DA:339,0
DA:340,0
DA:342,0
DA:344,0
DA:345,0
DA:348,0
DA:349,0
DA:350,0
DA:351,0
DA:353,0
DA:355,0
DA:356,0
DA:357,0
DA:358,0
DA:361,0
DA:363,0
DA:366,0
DA:368,0
DA:380,0
DA:381,0
DA:382,0
DA:383,0
DA:385,0
DA:388,0
DA:389,0
DA:390,0
DA:391,0
DA:392,0
DA:394,0
DA:396,0
DA:397,0
DA:398,0
DA:400,0
DA:402,0
DA:403,0
DA:405,0
DA:407,0
DA:416,0
DA:427,0
DA:430,0
DA:433,0
DA:434,0
DA:436,0
DA:439,0
DA:440,0
DA:442,0
DA:451,0
DA:453,0
DA:456,0
DA:457,0
DA:459,0
DA:462,0
DA:463,0
DA:465,0
DA:468,0
LF:202
LH:0
BRDA:68,0,0,0
BRDA:68,0,1,0
BRDA:71,1,0,0
BRDA:71,1,1,0
BRDA:71,2,0,0
BRDA:71,2,1,0
BRDA:106,3,0,0
BRDA:106,3,1,0
BRDA:188,4,0,0
BRDA:188,4,1,0
BRDA:188,5,0,0
BRDA:188,5,1,0
BRDA:188,5,2,0
BRDA:198,6,0,0
BRDA:198,6,1,0
BRDA:235,7,0,0
BRDA:235,7,1,0
BRDA:263,8,0,0
BRDA:263,8,1,0
BRDA:263,9,0,0
BRDA:263,9,1,0
BRDA:263,9,2,0
BRDA:272,10,0,0
BRDA:272,10,1,0
BRDA:338,11,0,0
BRDA:338,11,1,0
BRDA:342,12,0,0
BRDA:342,12,1,0
BRDA:345,13,0,0
BRDA:345,13,1,0
BRDA:381,14,0,0
BRDA:381,14,1,0
BRDA:385,15,0,0
BRDA:385,15,1,0
BRDA:402,16,0,0
BRDA:402,16,1,0
BRDA:403,17,0,0
BRDA:403,17,1,0
BRDA:407,18,0,0
BRDA:407,18,1,0
BRF:40
BRH:0
end_of_record
TN:
SF:D:\Development\WebStormWorkplace\varied-mobile\src\data-process\base64.js
FN:4,hex2b64
FN:25,b64tohex
FN:62,b64toBA
FNF:3
FNH:0
FNDA:0,hex2b64
FNDA:0,b64tohex
FNDA:0,b64toBA
DA:1,0
DA:2,0
DA:7,0
DA:8,0
DA:9,0
DA:10,0
DA:12,0
DA:13,0
DA:14,0
DA:16,0
DA:17,0
DA:18,0
DA:20,0
DA:21,0
DA:26,0
DA:28,0
DA:30,0
DA:31,0
DA:32,0
DA:33,0
DA:34,0
DA:35,0
DA:36,0
DA:37,0
DA:39,0
DA:40,0
DA:41,0
DA:42,0
DA:44,0
DA:45,0
DA:46,0
DA:47,0
DA:48,0
DA:51,0
DA:52,0
DA:53,0
DA:56,0
DA:57,0
DA:58,0
DA:64,0
DA:66,0
DA:67,0
DA:68,0
DA:70,0
LF:44
LH:0
BRDA:12,0,0,0
BRDA:12,0,1,0
BRDA:16,1,0,0
BRDA:16,1,1,0
BRDA:31,2,0,0
BRDA:31,2,1,0
BRDA:33,3,0,0
BRDA:33,3,1,0
BRDA:34,4,0,0
BRDA:34,4,1,0
BRDA:39,5,0,0
BRDA:39,5,1,0
BRDA:44,6,0,0
BRDA:44,6,1,0
BRDA:56,7,0,0
BRDA:56,7,1,0
BRF:16
BRH:0
end_of_record
TN:
SF:D:\Development\WebStormWorkplace\varied-mobile\src\data-process\des.js
FN:12,strEnc
FN:175,strDec
FN:251,getKeyBytes
FN:271,strToBt
FN:316,bt4ToHex
FN:376,hexToBt4
FN:436,byteToString
FN:455,bt64ToHex
FN:468,hexToBt64
FN:481,enc
FN:517,dec
FN:553,initPermute
FN:565,expandPermute
FN:587,xor
FN:596,sBoxPermute
FN:695,pPermute
FN:732,finallyPermute
FN:801,getBoxBinary
FN:860,generateKeys
FNF:19
FNH:0
FNDA:0,strEnc
FNDA:0,strDec
FNDA:0,getKeyBytes
FNDA:0,strToBt
FNDA:0,bt4ToHex
FNDA:0,hexToBt4
FNDA:0,byteToString
FNDA:0,bt64ToHex
FNDA:0,hexToBt64
FNDA:0,enc
FNDA:0,dec
FNDA:0,initPermute
FNDA:0,expandPermute
FNDA:0,xor
FNDA:0,sBoxPermute
FNDA:0,pPermute
FNDA:0,finallyPermute
FNDA:0,getBoxBinary
FNDA:0,generateKeys
DA:14,0
DA:15,0
DA:17,0
DA:18,0
DA:19,0
DA:21,0
DA:22,0
DA:23,0
DA:25,0
DA:26,0
DA:27,0
DA:30,0
DA:31,0
DA:32,0
DA:34,0
DA:37,0
DA:38,0
DA:39,0
DA:41,0
DA:42,0
DA:44,0
DA:45,0
DA:47,0
DA:49,0
DA:52,0
DA:53,0
DA:54,0
DA:56,0
DA:57,0
DA:59,0
DA:61,0
DA:63,0
DA:64,0
DA:65,0
DA:66,0
DA:68,0
DA:72,0
DA:74,0
DA:75,0
DA:76,0
DA:77,0
DA:78,0
DA:79,0
DA:81,0
DA:84,0
DA:85,0
DA:86,0
DA:88,0
DA:89,0
DA:91,0
DA:92,0
DA:94,0
DA:96,0
DA:99,0
DA:100,0
DA:101,0
DA:103,0
DA:104,0
DA:106,0
DA:108,0
DA:111,0
DA:112,0
DA:113,0
DA:115,0
DA:119,0
DA:121,0
DA:122,0
DA:123,0
DA:125,0
DA:128,0
DA:129,0
DA:130,0
DA:132,0
DA:133,0
DA:135,0
DA:136,0
DA:138,0
DA:140,0
DA:143,0
DA:144,0
DA:145,0
DA:147,0
DA:148,0
DA:150,0
DA:152,0
DA:155,0
DA:156,0
DA:157,0
DA:159,0
DA:163,0
DA:167,0
DA:176,0
DA:177,0
DA:179,0
DA:180,0
DA:181,0
DA:183,0
DA:184,0
DA:185,0
DA:187,0
DA:188,0
DA:189,0
DA:192,0
DA:193,0
DA:194,0
DA:195,0
DA:196,0
DA:197,0
DA:198,0
DA:199,0
DA:200,0
DA:203,0
DA:206,0
DA:207,0
DA:208,0
DA:210,0
DA:211,0
DA:213,0
DA:214,0
DA:216,0
DA:218,0
DA:221,0
DA:222,0
DA:223,0
DA:225,0
DA:226,0
DA:228,0
DA:230,0
DA:233,0
DA:234,0
DA:235,0
DA:237,0
DA:241,0
DA:243,0
DA:252,0
DA:253,0
DA:254,0
DA:255,0
DA:256,0
DA:257,0
DA:258,0
DA:260,0
DA:261,0
DA:263,0
DA:272,0
DA:273,0
DA:274,0
DA:275,0
DA:276,0
DA:277,0
DA:278,0
DA:279,0
DA:280,0
DA:281,0
DA:283,0
DA:286,0
DA:287,0
DA:288,0
DA:289,0
DA:290,0
DA:291,0
DA:293,0
DA:297,0
DA:298,0
DA:299,0
DA:300,0
DA:301,0
DA:302,0
DA:304,0
DA:308,0
DA:318,0
DA:320,0
DA:321,0
DA:323,0
DA:324,0
DA:326,0
DA:327,0
DA:329,0
DA:330,0
DA:332,0
DA:333,0
DA:335,0
DA:336,0
DA:338,0
DA:339,0
DA:341,0
DA:342,0
DA:344,0
DA:345,0
DA:347,0
DA:348,0
DA:350,0
DA:351,0
DA:353,0
DA:354,0
DA:356,0
DA:357,0
DA:359,0
DA:360,0
DA:362,0
DA:363,0
DA:365,0
DA:366,0
DA:368,0
DA:378,0
DA:380,0
DA:381,0
DA:383,0
DA:384,0
DA:386,0
DA:387,0
DA:389,0
DA:390,0
DA:392,0
DA:393,0
DA:395,0
DA:396,0
DA:398,0
DA:399,0
DA:401,0
DA:402,0
DA:404,0
DA:405,0
DA:407,0
DA:408,0
DA:410,0
DA:411,0
DA:413,0
DA:414,0
DA:416,0
DA:417,0
DA:419,0
DA:420,0
DA:422,0
DA:423,0
DA:425,0
DA:426,0
DA:428,0
DA:437,0
DA:439,0
DA:440,0
DA:441,0
DA:442,0
DA:443,0
DA:444,0
DA:446,0
DA:448,0
DA:449,0
DA:452,0
DA:456,0
DA:458,0
DA:459,0
DA:460,0
DA:461,0
DA:463,0
DA:465,0
DA:469,0
DA:471,0
DA:472,0
DA:474,0
DA:482,0
DA:483,0
DA:484,0
DA:485,0
DA:486,0
DA:487,0
DA:488,0
DA:489,0
DA:490,0
DA:492,0
DA:493,0
DA:494,0
DA:495,0
DA:497,0
DA:498,0
DA:499,0
DA:501,0
DA:502,0
DA:503,0
DA:509,0
DA:510,0
DA:511,0
DA:512,0
DA:514,0
DA:518,0
DA:519,0
DA:520,0
DA:521,0
DA:522,0
DA:523,0
DA:524,0
DA:525,0
DA:526,0
DA:528,0
DA:529,0
DA:530,0
DA:531,0
DA:533,0
DA:534,0
DA:535,0
DA:538,0
DA:539,0
DA:540,0
DA:545,0
DA:546,0
DA:547,0
DA:548,0
DA:550,0
DA:554,0
DA:556,0
DA:557,0
DA:558,0
DA:559,0
DA:562,0
DA:566,0
DA:568,0
DA:569,0
DA:570,0
DA:572,0
DA:574,0
DA:575,0
DA:576,0
DA:577,0
DA:578,0
DA:579,0
DA:581,0
DA:584,0
DA:588,0
DA:590,0
DA:591,0
DA:593,0
DA:598,0
DA:599,0
DA:600,0
DA:607,0
DA:614,0
DA:620,0
DA:627,0
DA:634,0
DA:641,0
DA:648,0
DA:654,0
DA:655,0
DA:656,0
DA:657,0
DA:661,0
DA:663,0
DA:664,0
DA:666,0
DA:667,0
DA:669,0
DA:670,0
DA:672,0
DA:673,0
DA:675,0
DA:676,0
DA:678,0
DA:679,0
DA:681,0
DA:682,0
DA:684,0
DA:685,0
DA:687,0
DA:688,0
DA:689,0
DA:690,0
DA:692,0
DA:696,0
DA:697,0
DA:698,0
DA:699,0
DA:700,0
DA:701,0
DA:702,0
DA:703,0
DA:704,0
DA:705,0
DA:706,0
DA:707,0
DA:708,0
DA:709,0
DA:710,0
DA:711,0
DA:712,0
DA:713,0
DA:714,0
DA:715,0
DA:716,0
DA:717,0
DA:718,0
DA:719,0
DA:720,0
DA:721,0
DA:722,0
DA:723,0
DA:724,0
DA:725,0
DA:726,0
DA:727,0
DA:728,0
DA:729,0
DA:733,0
DA:734,0
DA:735,0
DA:736,0
DA:737,0
DA:738,0
DA:739,0
DA:740,0
DA:741,0
DA:742,0
DA:743,0
DA:744,0
DA:745,0
DA:746,0
DA:747,0
DA:748,0
DA:749,0
DA:750,0
DA:751,0
DA:752,0
DA:753,0
DA:754,0
DA:755,0
DA:756,0
DA:757,0
DA:758,0
DA:759,0
DA:760,0
DA:761,0
DA:762,0
DA:763,0
DA:764,0
DA:765,0
DA:766,0
DA:767,0
DA:768,0
DA:769,0
DA:770,0
DA:771,0
DA:772,0
DA:773,0
DA:774,0
DA:775,0
DA:776,0
DA:777,0
DA:778,0
DA:779,0
DA:780,0
DA:781,0
DA:782,0
DA:783,0
DA:784,0
DA:785,0
DA:786,0
DA:787,0
DA:788,0
DA:789,0
DA:790,0
DA:791,0
DA:792,0
DA:793,0
DA:794,0
DA:795,0
DA:796,0
DA:797,0
DA:798,0
DA:802,0
DA:803,0
DA:805,0
DA:806,0
DA:808,0
DA:809,0
DA:811,0
DA:812,0
DA:814,0
DA:815,0
DA:817,0
DA:818,0
DA:820,0
DA:821,0
DA:823,0
DA:824,0
DA:826,0
DA:827,0
DA:829,0
DA:830,0
DA:832,0
DA:833,0
DA:835,0
DA:836,0
DA:838,0
DA:839,0
DA:841,0
DA:842,0
DA:844,0
DA:845,0
DA:847,0
DA:848,0
DA:850,0
DA:851,0
DA:853,0
DA:861,0
DA:862,0
DA:864,0
DA:865,0
DA:866,0
DA:867,0
DA:868,0
DA:869,0
DA:870,0
DA:871,0
DA:872,0
DA:873,0
DA:874,0
DA:875,0
DA:876,0
DA:877,0
DA:878,0
DA:879,0
DA:880,0
DA:882,0
DA:883,0
DA:884,0
DA:888,0
DA:889,0
DA:890,0
DA:891,0
DA:892,0
DA:893,0
DA:894,0
DA:895,0
DA:896,0
DA:898,0
DA:899,0
DA:901,0
DA:902,0
DA:903,0
DA:904,0
DA:905,0
DA:906,0
DA:907,0
DA:908,0
DA:909,0
DA:910,0
DA:911,0
DA:912,0
DA:913,0
DA:914,0
DA:915,0
DA:916,0
DA:917,0
DA:918,0
DA:919,0
DA:920,0
DA:921,0
DA:922,0
DA:923,0
DA:924,0
DA:925,0
DA:926,0
DA:927,0
DA:928,0
DA:929,0
DA:930,0
DA:931,0
DA:932,0
DA:933,0
DA:934,0
DA:935,0
DA:936,0
DA:937,0
DA:938,0
DA:939,0
DA:940,0
DA:941,0
DA:942,0
DA:943,0
DA:944,0
DA:945,0
DA:946,0
DA:947,0
DA:948,0
DA:949,0
DA:951,0
DA:953,0
DA:954,0
DA:956,0
DA:958,0
DA:959,0
DA:961,0
DA:963,0
DA:964,0
DA:966,0
DA:968,0
DA:969,0
DA:971,0
DA:973,0
DA:974,0
DA:976,0
DA:978,0
DA:979,0
DA:981,0
DA:983,0
DA:984,0
DA:986,0
DA:988,0
DA:989,0
DA:991,0
DA:993,0
DA:994,0
DA:996,0
DA:998,0
DA:999,0
DA:1001,0
DA:1003,0
DA:1004,0
DA:1006,0
DA:1008,0
DA:1009,0
DA:1011,0
DA:1013,0
DA:1014,0
DA:1016,0
DA:1018,0
DA:1019,0
DA:1021,0
DA:1023,0
DA:1024,0
DA:1026,0
DA:1028,0
DA:1029,0
DA:1031,0
DA:1034,0
LF:634
LH:0
BRDA:17,0,0,0
BRDA:17,0,1,0
BRDA:17,1,0,0
BRDA:17,1,1,0
BRDA:21,2,0,0
BRDA:21,2,1,0
BRDA:21,3,0,0
BRDA:21,3,1,0
BRDA:25,4,0,0
BRDA:25,4,1,0
BRDA:25,5,0,0
BRDA:25,5,1,0
BRDA:30,6,0,0
BRDA:30,6,1,0
BRDA:31,7,0,0
BRDA:31,7,1,0
BRDA:34,8,0,0
BRDA:34,8,1,0
BRDA:34,9,0,0
BRDA:34,9,1,0
BRDA:34,9,2,0
BRDA:34,9,3,0
BRDA:34,9,4,0
BRDA:34,9,5,0
BRDA:49,10,0,0
BRDA:49,10,1,0
BRDA:49,11,0,0
BRDA:49,11,1,0
BRDA:49,11,2,0
BRDA:49,11,3,0
BRDA:61,12,0,0
BRDA:61,12,1,0
BRDA:61,13,0,0
BRDA:61,13,1,0
BRDA:81,14,0,0
BRDA:81,14,1,0
BRDA:81,15,0,0
BRDA:81,15,1,0
BRDA:81,15,2,0
BRDA:81,15,3,0
BRDA:81,15,4,0
BRDA:81,15,5,0
BRDA:96,16,0,0
BRDA:96,16,1,0
BRDA:96,17,0,0
BRDA:96,17,1,0
BRDA:96,17,2,0
BRDA:96,17,3,0
BRDA:108,18,0,0
BRDA:108,18,1,0
BRDA:108,19,0,0
BRDA:108,19,1,0
BRDA:121,20,0,0
BRDA:121,20,1,0
BRDA:125,21,0,0
BRDA:125,21,1,0
BRDA:125,22,0,0
BRDA:125,22,1,0
BRDA:125,22,2,0
BRDA:125,22,3,0
BRDA:125,22,4,0
BRDA:125,22,5,0
BRDA:140,23,0,0
BRDA:140,23,1,0
BRDA:140,24,0,0
BRDA:140,24,1,0
BRDA:140,24,2,0
BRDA:140,24,3,0
BRDA:152,25,0,0
BRDA:152,25,1,0
BRDA:152,26,0,0
BRDA:152,26,1,0
BRDA:179,27,0,0
BRDA:179,27,1,0
BRDA:179,28,0,0
BRDA:179,28,1,0
BRDA:183,29,0,0
BRDA:183,29,1,0
BRDA:183,30,0,0
BRDA:183,30,1,0
BRDA:187,31,0,0
BRDA:187,31,1,0
BRDA:187,32,0,0
BRDA:187,32,1,0
BRDA:203,33,0,0
BRDA:203,33,1,0
BRDA:203,34,0,0
BRDA:203,34,1,0
BRDA:203,34,2,0
BRDA:203,34,3,0
BRDA:203,34,4,0
BRDA:203,34,5,0
BRDA:218,35,0,0
BRDA:218,35,1,0
BRDA:218,36,0,0
BRDA:218,36,1,0
BRDA:218,36,2,0
BRDA:218,36,3,0
BRDA:230,37,0,0
BRDA:230,37,1,0
BRDA:230,38,0,0
BRDA:230,38,1,0
BRDA:260,39,0,0
BRDA:260,39,1,0
BRDA:274,40,0,0
BRDA:274,40,1,0
BRDA:318,41,0,0
BRDA:318,41,1,0
BRDA:318,41,2,0
BRDA:318,41,3,0
BRDA:318,41,4,0
BRDA:318,41,5,0
BRDA:318,41,6,0
BRDA:318,41,7,0
BRDA:318,41,8,0
BRDA:318,41,9,0
BRDA:318,41,10,0
BRDA:318,41,11,0
BRDA:318,41,12,0
BRDA:318,41,13,0
BRDA:318,41,14,0
BRDA:318,41,15,0
BRDA:378,42,0,0
BRDA:378,42,1,0
BRDA:378,42,2,0
BRDA:378,42,3,0
BRDA:378,42,4,0
BRDA:378,42,5,0
BRDA:378,42,6,0
BRDA:378,42,7,0
BRDA:378,42,8,0
BRDA:378,42,9,0
BRDA:378,42,10,0
BRDA:378,42,11,0
BRDA:378,42,12,0
BRDA:378,42,13,0
BRDA:378,42,14,0
BRDA:378,42,15,0
BRDA:448,43,0,0
BRDA:448,43,1,0
BRDA:569,44,0,0
BRDA:569,44,1,0
BRDA:578,45,0,0
BRDA:578,45,1,0
BRDA:661,46,0,0
BRDA:661,46,1,0
BRDA:661,46,2,0
BRDA:661,46,3,0
BRDA:661,46,4,0
BRDA:661,46,5,0
BRDA:661,46,6,0
BRDA:661,46,7,0
BRDA:803,47,0,0
BRDA:803,47,1,0
BRDA:803,47,2,0
BRDA:803,47,3,0
BRDA:803,47,4,0
BRDA:803,47,5,0
BRDA:803,47,6,0
BRDA:803,47,7,0
BRDA:803,47,8,0
BRDA:803,47,9,0
BRDA:803,47,10,0
BRDA:803,47,11,0
BRDA:803,47,12,0
BRDA:803,47,13,0
BRDA:803,47,14,0
BRDA:803,47,15,0
BRDA:951,48,0,0
BRDA:951,48,1,0
BRDA:951,48,2,0
BRDA:951,48,3,0
BRDA:951,48,4,0
BRDA:951,48,5,0
BRDA:951,48,6,0
BRDA:951,48,7,0
BRDA:951,48,8,0
BRDA:951,48,9,0
BRDA:951,48,10,0
BRDA:951,48,11,0
BRDA:951,48,12,0
BRDA:951,48,13,0
BRDA:951,48,14,0
BRDA:951,48,15,0
BRF:184
BRH:0
end_of_record
TN:
SF:D:\Development\WebStormWorkplace\varied-mobile\src\data-process\index.js
FN:7,(anonymous_0)
FN:11,(anonymous_1)
FN:14,(anonymous_2)
FN:17,(anonymous_3)
FN:20,(anonymous_4)
FN:23,(anonymous_5)
FN:26,(anonymous_6)
FN:29,(anonymous_7)
FN:32,(anonymous_8)
FNF:9
FNH:0
FNDA:0,(anonymous_0)
FNDA:0,(anonymous_1)
FNDA:0,(anonymous_2)
FNDA:0,(anonymous_3)
FNDA:0,(anonymous_4)
FNDA:0,(anonymous_5)
FNDA:0,(anonymous_6)
FNDA:0,(anonymous_7)
FNDA:0,(anonymous_8)
DA:3,0
DA:5,0
DA:6,0
DA:7,0
DA:8,0
DA:11,0
DA:12,0
DA:14,0
DA:15,0
DA:17,0
DA:18,0
DA:20,0
DA:21,0
DA:23,0
DA:24,0
DA:26,0
DA:27,0
DA:29,0
DA:30,0
DA:32,0
DA:33,0
DA:36,0
LF:22
LH:0
BRDA:17,0,0,0
BRDA:20,1,0,0
BRF:2
BRH:0
end_of_record
TN:
SF:D:\Development\WebStormWorkplace\varied-mobile\src\data-process\jsbn.js
FN:15,BigInteger
FN:23,nbi
FN:35,am1
FN:47,am2
FN:62,am3
FN:106,int2char
FN:110,intAt
FN:116,bnpCopyTo
FN:123,bnpFromInt
FN:132,nbv
FN:139,bnpFromString
FN:180,bnpClamp
FN:186,bnToString
FN:221,bnNegate
FN:228,bnAbs
FN:233,bnCompareTo
FN:244,nbits
FN:270,bnBitLength
FN:276,bnpDLShiftTo
FN:285,bnpDRShiftTo
FN:292,bnpLShiftTo
FN:309,bnpRShiftTo
FN:330,bnpSubTo
FN:363,bnpMultiplyTo
FN:375,bnpSquareTo
FN:393,bnpDivRemTo
FN:446,bnMod
FN:454,Classic
FN:458,cConvert
FN:463,cRevert
FN:467,cReduce
FN:471,cMulTo
FN:476,cSqrTo
FN:497,bnpInvDigit
FN:513,Montgomery
FN:523,montConvert
FN:532,montRevert
FN:540,montReduce
FN:562,montSqrTo
FN:568,montMulTo
FN:580,bnpIsEven
FN:585,bnpExp
FN:602,bnModPowInt
FN:618,bnClone
FN:621,bnIntValue
FN:633,bnByteValue
FN:636,bnShortValue
FN:639,bnpChunkSize
FN:642,bnSigNum
FN:649,bnpToRadix
FN:664,bnpFromRadix
FN:691,bnpFromNumber
FN:717,bnToByteArray
FN:741,bnEquals
FN:742,bnMin
FN:743,bnMax
FN:746,bnpBitwiseTo
FN:764,op_and
FN:765,bnAnd
FN:768,op_or
FN:769,bnOr
FN:772,op_xor
FN:773,bnXor
FN:776,op_andnot
FN:777,bnAndNot
FN:780,bnNot
FN:789,bnShiftLeft
FN:796,bnShiftRight
FN:803,lbit
FN:815,bnGetLowestSetBit
FN:823,cbit
FN:830,bnBitCount
FN:837,bnTestBit
FN:844,bnpChangeBit
FN:851,bnSetBit
FN:854,bnClearBit
FN:857,bnFlipBit
FN:860,bnpAddTo
FN:893,bnAdd
FN:896,bnSubtract
FN:899,bnMultiply
FN:902,bnSquare
FN:905,bnDivide
FN:908,bnRemainder
FN:911,bnDivideAndRemainder
FN:918,bnpDMultiply
FN:925,bnpDAddOffset
FN:937,NullExp
FN:938,nNop
FN:939,nMulTo
FN:940,nSqrTo
FN:948,bnPow
FN:952,bnpMultiplyLowerTo
FN:965,bnpMultiplyUpperTo
FN:977,Barrett
FN:986,barrettConvert
FN:992,barrettRevert
FN:995,barrettReduce
FN:1006,barrettSqrTo
FN:1009,barrettMulTo
FN:1018,bnModPow
FN:1077,bnGCD
FN:1105,bnpModInt
FN:1115,bnModInverse
FN:1160,bnIsProbablePrime
FN:1179,bnpMillerRabin
FNF:106
FNH:0
FNDA:0,BigInteger
FNDA:0,nbi
FNDA:0,am1
FNDA:0,am2
FNDA:0,am3
FNDA:0,int2char
FNDA:0,intAt
FNDA:0,bnpCopyTo
FNDA:0,bnpFromInt
FNDA:0,nbv
FNDA:0,bnpFromString
FNDA:0,bnpClamp
FNDA:0,bnToString
FNDA:0,bnNegate
FNDA:0,bnAbs
FNDA:0,bnCompareTo
FNDA:0,nbits
FNDA:0,bnBitLength
FNDA:0,bnpDLShiftTo
FNDA:0,bnpDRShiftTo
FNDA:0,bnpLShiftTo
FNDA:0,bnpRShiftTo
FNDA:0,bnpSubTo
FNDA:0,bnpMultiplyTo
FNDA:0,bnpSquareTo
FNDA:0,bnpDivRemTo
FNDA:0,bnMod
FNDA:0,Classic
FNDA:0,cConvert
FNDA:0,cRevert
FNDA:0,cReduce
FNDA:0,cMulTo
FNDA:0,cSqrTo
FNDA:0,bnpInvDigit
FNDA:0,Montgomery
FNDA:0,montConvert
FNDA:0,montRevert
FNDA:0,montReduce
FNDA:0,montSqrTo
FNDA:0,montMulTo
FNDA:0,bnpIsEven
FNDA:0,bnpExp
FNDA:0,bnModPowInt
FNDA:0,bnClone
FNDA:0,bnIntValue
FNDA:0,bnByteValue
FNDA:0,bnShortValue
FNDA:0,bnpChunkSize
FNDA:0,bnSigNum
FNDA:0,bnpToRadix
FNDA:0,bnpFromRadix
FNDA:0,bnpFromNumber
FNDA:0,bnToByteArray
FNDA:0,bnEquals
FNDA:0,bnMin
FNDA:0,bnMax
FNDA:0,bnpBitwiseTo
FNDA:0,op_and
FNDA:0,bnAnd
FNDA:0,op_or
FNDA:0,bnOr
FNDA:0,op_xor
FNDA:0,bnXor
FNDA:0,op_andnot
FNDA:0,bnAndNot
FNDA:0,bnNot
FNDA:0,bnShiftLeft
FNDA:0,bnShiftRight
FNDA:0,lbit
FNDA:0,bnGetLowestSetBit
FNDA:0,cbit
FNDA:0,bnBitCount
FNDA:0,bnTestBit
FNDA:0,bnpChangeBit
FNDA:0,bnSetBit
FNDA:0,bnClearBit
FNDA:0,bnFlipBit
FNDA:0,bnpAddTo
FNDA:0,bnAdd
FNDA:0,bnSubtract
FNDA:0,bnMultiply
FNDA:0,bnSquare
FNDA:0,bnDivide
FNDA:0,bnRemainder
FNDA:0,bnDivideAndRemainder
FNDA:0,bnpDMultiply
FNDA:0,bnpDAddOffset
FNDA:0,NullExp
FNDA:0,nNop
FNDA:0,nMulTo
FNDA:0,nSqrTo
FNDA:0,bnPow
FNDA:0,bnpMultiplyLowerTo
FNDA:0,bnpMultiplyUpperTo
FNDA:0,Barrett
FNDA:0,barrettConvert
FNDA:0,barrettRevert
FNDA:0,barrettReduce
FNDA:0,barrettSqrTo
FNDA:0,barrettMulTo
FNDA:0,bnModPow
FNDA:0,bnGCD
FNDA:0,bnpModInt
FNDA:0,bnModInverse
FNDA:0,bnIsProbablePrime
FNDA:0,bnpMillerRabin
DA:11,0
DA:12,0
DA:16,0
DA:17,0
DA:18,0
DA:19,0
DA:24,0
DA:36,0
DA:37,0
DA:38,0
DA:39,0
DA:41,0
DA:48,0
DA:49,0
DA:50,0
DA:51,0
DA:52,0
DA:53,0
DA:54,0
DA:55,0
DA:57,0
DA:63,0
DA:64,0
DA:65,0
DA:66,0
DA:67,0
DA:68,0
DA:69,0
DA:70,0
DA:72,0
DA:75,0
DA:76,0
DA:77,0
DA:78,0
DA:79,0
DA:80,0
DA:82,0
DA:83,0
DA:86,0
DA:87,0
DA:88,0
DA:90,0
DA:91,0
DA:92,0
DA:93,0
DA:96,0
DA:97,0
DA:99,0
DA:100,0
DA:101,0
DA:102,0
DA:103,0
DA:104,0
DA:107,0
DA:111,0
DA:112,0
DA:117,0
DA:118,0
DA:119,0
DA:124,0
DA:125,0
DA:126,0
DA:127,0
DA:128,0
DA:133,0
DA:134,0
DA:135,0
DA:141,0
DA:142,0
DA:143,0
DA:144,0
DA:145,0
DA:146,0
DA:148,0
DA:149,0
DA:151,0
DA:152,0
DA:153,0
DA:154,0
DA:155,0
DA:156,0
DA:157,0
DA:158,0
DA:160,0
DA:161,0
DA:162,0
DA:163,0
DA:164,0
DA:165,0
DA:167,0
DA:168,0
DA:169,0
DA:171,0
DA:172,0
DA:173,0
DA:175,0
DA:176,0
DA:181,0
DA:182,0
DA:187,0
DA:189,0
DA:190,0
DA:191,0
DA:192,0
DA:193,0
DA:194,0
DA:195,0
DA:196,0
DA:197,0
DA:198,0
DA:199,0
DA:200,0
DA:202,0
DA:203,0
DA:204,0
DA:205,0
DA:207,0
DA:208,0
DA:209,0
DA:210,0
DA:213,0
DA:214,0
DA:217,0
DA:222,0
DA:223,0
DA:224,0
DA:229,0
DA:234,0
DA:235,0
DA:236,0
DA:237,0
DA:238,0
DA:239,0
DA:240,0
DA:245,0
DA:246,0
DA:247,0
DA:248,0
DA:250,0
DA:251,0
DA:252,0
DA:254,0
DA:255,0
DA:256,0
DA:258,0
DA:259,0
DA:260,0
DA:262,0
DA:263,0
DA:264,0
DA:266,0
DA:271,0
DA:272,0
DA:278,0
DA:279,0
DA:280,0
DA:281,0
DA:286,0
DA:287,0
DA:288,0
DA:293,0
DA:294,0
DA:295,0
DA:296,0
DA:297,0
DA:298,0
DA:299,0
DA:301,0
DA:302,0
DA:303,0
DA:304,0
DA:305,0
DA:310,0
DA:311,0
DA:312,0
DA:313,0
DA:314,0
DA:316,0
DA:317,0
DA:318,0
DA:319,0
DA:320,0
DA:321,0
DA:322,0
DA:324,0
DA:325,0
DA:326,0
DA:331,0
DA:332,0
DA:333,0
DA:334,0
DA:335,0
DA:337,0
DA:338,0
DA:339,0
DA:340,0
DA:341,0
DA:342,0
DA:344,0
DA:346,0
DA:347,0
DA:348,0
DA:349,0
DA:350,0
DA:352,0
DA:354,0
DA:355,0
DA:356,0
DA:357,0
DA:358,0
DA:364,0
DA:365,0
DA:366,0
DA:367,0
DA:368,0
DA:369,0
DA:370,0
DA:371,0
DA:376,0
DA:377,0
DA:378,0
DA:379,0
DA:380,0
DA:381,0
DA:382,0
DA:383,0
DA:386,0
DA:387,0
DA:388,0
DA:394,0
DA:395,0
DA:396,0
DA:397,0
DA:398,0
DA:399,0
DA:400,0
DA:402,0
DA:403,0
DA:404,0
DA:405,0
DA:406,0
DA:407,0
DA:409,0
DA:410,0
DA:412,0
DA:413,0
DA:414,0
DA:415,0
DA:416,0
DA:417,0
DA:418,0
DA:419,0
DA:420,0
DA:421,0
DA:423,0
DA:424,0
DA:425,0
DA:426,0
DA:428,0
DA:429,0
DA:430,0
DA:431,0
DA:432,0
DA:435,0
DA:436,0
DA:437,0
DA:439,0
DA:440,0
DA:441,0
DA:442,0
DA:447,0
DA:448,0
DA:449,0
DA:450,0
DA:455,0
DA:459,0
DA:460,0
DA:464,0
DA:468,0
DA:472,0
DA:473,0
DA:477,0
DA:478,0
DA:481,0
DA:482,0
DA:483,0
DA:484,0
DA:485,0
DA:498,0
DA:499,0
DA:500,0
DA:501,0
DA:502,0
DA:503,0
DA:504,0
DA:507,0
DA:509,0
DA:514,0
DA:515,0
DA:516,0
DA:517,0
DA:518,0
DA:519,0
DA:524,0
DA:525,0
DA:526,0
DA:527,0
DA:528,0
DA:533,0
DA:534,0
DA:535,0
DA:536,0
DA:541,0
DA:542,0
DA:543,0
DA:545,0
DA:546,0
DA:548,0
DA:549,0
DA:551,0
DA:552,0
DA:553,0
DA:556,0
DA:557,0
DA:558,0
DA:563,0
DA:564,0
DA:569,0
DA:570,0
DA:573,0
DA:574,0
DA:575,0
DA:576,0
DA:577,0
DA:581,0
DA:586,0
DA:587,0
DA:588,0
DA:589,0
DA:590,0
DA:591,0
DA:593,0
DA:594,0
DA:595,0
DA:598,0
DA:604,0
DA:605,0
DA:618,0
DA:622,0
DA:623,0
DA:624,0
DA:626,0
DA:627,0
DA:629,0
DA:633,0
DA:636,0
DA:639,0
DA:643,0
DA:644,0
DA:645,0
DA:650,0
DA:651,0
DA:652,0
DA:653,0
DA:654,0
DA:655,0
DA:656,0
DA:657,0
DA:658,0
DA:660,0
DA:665,0
DA:666,0
DA:667,0
DA:668,0
DA:669,0
DA:670,0
DA:671,0
DA:672,0
DA:673,0
DA:675,0
DA:676,0
DA:677,0
DA:678,0
DA:679,0
DA:680,0
DA:683,0
DA:684,0
DA:685,0
DA:687,0
DA:692,0
DA:694,0
DA:696,0
DA:697,0
DA:698,0
DA:699,0
DA:700,0
DA:701,0
DA:702,0
DA:708,0
DA:709,0
DA:710,0
DA:711,0
DA:712,0
DA:718,0
DA:719,0
DA:720,0
DA:721,0
DA:722,0
DA:723,0
DA:724,0
DA:725,0
DA:726,0
DA:727,0
DA:730,0
DA:731,0
DA:733,0
DA:734,0
DA:735,0
DA:738,0
DA:741,0
DA:742,0
DA:743,0
DA:747,0
DA:748,0
DA:749,0
DA:750,0
DA:751,0
DA:752,0
DA:755,0
DA:756,0
DA:757,0
DA:759,0
DA:760,0
DA:764,0
DA:765,0
DA:768,0
DA:769,0
DA:772,0
DA:773,0
DA:776,0
DA:777,0
DA:781,0
DA:782,0
DA:783,0
DA:784,0
DA:785,0
DA:790,0
DA:791,0
DA:792,0
DA:797,0
DA:798,0
DA:799,0
DA:804,0
DA:805,0
DA:806,0
DA:807,0
DA:808,0
DA:809,0
DA:810,0
DA:811,0
DA:816,0
DA:817,0
DA:818,0
DA:819,0
DA:824,0
DA:825,0
DA:826,0
DA:831,0
DA:832,0
DA:833,0
DA:838,0
DA:839,0
DA:840,0
DA:845,0
DA:846,0
DA:847,0
DA:851,0
DA:854,0
DA:857,0
DA:861,0
DA:862,0
DA:863,0
DA:864,0
DA:865,0
DA:867,0
DA:868,0
DA:869,0
DA:870,0
DA:871,0
DA:872,0
DA:874,0
DA:877,0
DA:878,0
DA:879,0
DA:880,0
DA:881,0
DA:883,0
DA:885,0
DA:886,0
DA:887,0
DA:888,0
DA:889,0
DA:893,0
DA:896,0
DA:899,0
DA:902,0
DA:905,0
DA:908,0
DA:912,0
DA:913,0
DA:914,0
DA:919,0
DA:920,0
DA:921,0
DA:926,0
DA:927,0
DA:928,0
DA:929,0
DA:930,0
DA:931,0
DA:932,0
DA:938,0
DA:939,0
DA:940,0
DA:942,0
DA:943,0
DA:944,0
DA:945,0
DA:948,0
DA:953,0
DA:954,0
DA:955,0
DA:956,0
DA:958,0
DA:959,0
DA:960,0
DA:966,0
DA:967,0
DA:968,0
DA:969,0
DA:970,0
DA:971,0
DA:972,0
DA:973,0
DA:979,0
DA:980,0
DA:981,0
DA:982,0
DA:983,0
DA:987,0
DA:988,0
DA:989,0
DA:992,0
DA:996,0
DA:997,0
DA:998,0
DA:999,0
DA:1000,0
DA:1001,0
DA:1002,0
DA:1006,0
DA:1009,0
DA:1011,0
DA:1012,0
DA:1013,0
DA:1014,0
DA:1015,0
DA:1019,0
DA:1020,0
DA:1021,0
DA:1022,0
DA:1023,0
DA:1024,0
DA:1025,0
DA:1026,0
DA:1027,0
DA:1028,0
DA:1029,0
DA:1031,0
DA:1034,0
DA:1035,0
DA:1036,0
DA:1037,0
DA:1038,0
DA:1039,0
DA:1040,0
DA:1041,0
DA:1042,0
DA:1046,0
DA:1047,0
DA:1048,0
DA:1049,0
DA:1051,0
DA:1052,0
DA:1055,0
DA:1056,0
DA:1057,0
DA:1058,0
DA:1059,0
DA:1060,0
DA:1063,0
DA:1064,0
DA:1065,0
DA:1068,0
DA:1069,0
DA:1070,0
DA:1073,0
DA:1078,0
DA:1079,0
DA:1080,0
DA:1081,0
DA:1082,0
DA:1083,0
DA:1084,0
DA:1085,0
DA:1086,0
DA:1088,0
DA:1089,0
DA:1090,0
DA:1091,0
DA:1092,0
DA:1093,0
DA:1096,0
DA:1097,0
DA:1100,0
DA:1101,0
DA:1106,0
DA:1107,0
DA:1108,0
DA:1109,0
DA:1110,0
DA:1111,0
DA:1116,0
DA:1117,0
DA:1118,0
DA:1119,0
DA:1120,0
DA:1121,0
DA:1122,0
DA:1123,0
DA:1124,0
DA:1125,0
DA:1127,0
DA:1128,0
DA:1130,0
DA:1131,0
DA:1132,0
DA:1133,0
DA:1134,0
DA:1136,0
DA:1137,0
DA:1139,0
DA:1140,0
DA:1141,0
DA:1142,0
DA:1145,0
DA:1146,0
DA:1147,0
DA:1150,0
DA:1151,0
DA:1152,0
DA:1153,0
DA:1156,0
DA:1157,0
DA:1161,0
DA:1162,0
DA:1163,0
DA:1164,0
DA:1165,0
DA:1167,0
DA:1168,0
DA:1169,0
DA:1170,0
DA:1171,0
DA:1172,0
DA:1173,0
DA:1175,0
DA:1180,0
DA:1181,0
DA:1182,0
DA:1183,0
DA:1184,0
DA:1185,0
DA:1186,0
DA:1187,0
DA:1189,0
DA:1190,0
DA:1191,0
DA:1192,0
DA:1193,0
DA:1194,0
DA:1195,0
DA:1197,0
DA:1200,0
DA:1204,0
DA:1205,0
DA:1206,0
DA:1207,0
DA:1208,0
DA:1209,0
DA:1210,0
DA:1211,0
DA:1212,0
DA:1213,0
DA:1214,0
DA:1215,0
DA:1216,0
DA:1219,0
DA:1220,0
DA:1221,0
DA:1222,0
DA:1223,0
DA:1224,0
DA:1225,0
DA:1226,0
DA:1227,0
DA:1228,0
DA:1229,0
DA:1230,0
DA:1231,0
DA:1232,0
DA:1233,0
DA:1234,0
DA:1235,0
DA:1236,0
DA:1237,0
DA:1238,0
DA:1239,0
DA:1240,0
DA:1241,0
DA:1242,0
DA:1243,0
DA:1244,0
DA:1245,0
DA:1246,0
DA:1247,0
DA:1248,0
DA:1249,0
DA:1250,0
DA:1251,0
DA:1254,0
DA:1266,0
DA:1267,0
DA:1268,0
DA:1269,0
DA:1270,0
DA:1271,0
DA:1272,0
DA:1273,0
DA:1274,0
DA:1275,0
DA:1276,0
DA:1277,0
DA:1278,0
DA:1279,0
DA:1280,0
DA:1283,0
DA:1284,0
DA:1285,0
DA:1286,0
DA:1287,0
DA:1288,0
DA:1289,0
DA:1292,0
DA:1293,0
DA:1294,0
LF:766
LH:0
BRDA:16,0,0,0
BRDA:16,0,1,0
BRDA:17,1,0,0
BRDA:17,1,1,0
BRDA:18,2,0,0
BRDA:18,2,1,0
BRDA:18,3,0,0
BRDA:18,3,1,0
BRDA:75,4,0,0
BRDA:75,4,1,0
BRDA:75,5,0,0
BRDA:75,5,1,0
BRDA:78,6,0,0
BRDA:78,6,1,0
BRDA:78,7,0,0
BRDA:78,7,1,0
BRDA:112,8,0,0
BRDA:112,8,1,0
BRDA:125,9,0,0
BRDA:125,9,1,0
BRDA:126,10,0,0
BRDA:126,10,1,0
BRDA:127,11,0,0
BRDA:127,11,1,0
BRDA:141,12,0,0
BRDA:141,12,1,0
BRDA:142,13,0,0
BRDA:142,13,1,0
BRDA:143,14,0,0
BRDA:143,14,1,0
BRDA:144,15,0,0
BRDA:144,15,1,0
BRDA:145,16,0,0
BRDA:145,16,1,0
BRDA:146,17,0,0
BRDA:146,17,1,0
BRDA:155,18,0,0
BRDA:155,18,1,0
BRDA:156,19,0,0
BRDA:156,19,1,0
BRDA:157,20,0,0
BRDA:157,20,1,0
BRDA:161,21,0,0
BRDA:161,21,1,0
BRDA:163,22,0,0
BRDA:163,22,1,0
BRDA:169,23,0,0
BRDA:169,23,1,0
BRDA:171,24,0,0
BRDA:171,24,1,0
BRDA:171,25,0,0
BRDA:171,25,1,0
BRDA:173,26,0,0
BRDA:173,26,1,0
BRDA:176,27,0,0
BRDA:176,27,1,0
BRDA:182,28,0,0
BRDA:182,28,1,0
BRDA:187,29,0,0
BRDA:187,29,1,0
BRDA:189,30,0,0
BRDA:189,30,1,0
BRDA:190,31,0,0
BRDA:190,31,1,0
BRDA:191,32,0,0
BRDA:191,32,1,0
BRDA:192,33,0,0
BRDA:192,33,1,0
BRDA:193,34,0,0
BRDA:193,34,1,0
BRDA:197,35,0,0
BRDA:197,35,1,0
BRDA:198,36,0,0
BRDA:198,36,1,0
BRDA:198,37,0,0
BRDA:198,37,1,0
BRDA:203,38,0,0
BRDA:203,38,1,0
BRDA:208,39,0,0
BRDA:208,39,1,0
BRDA:213,40,0,0
BRDA:213,40,1,0
BRDA:214,41,0,0
BRDA:214,41,1,0
BRDA:217,42,0,0
BRDA:217,42,1,0
BRDA:229,43,0,0
BRDA:229,43,1,0
BRDA:235,44,0,0
BRDA:235,44,1,0
BRDA:238,45,0,0
BRDA:238,45,1,0
BRDA:239,46,0,0
BRDA:239,46,1,0
BRDA:246,47,0,0
BRDA:246,47,1,0
BRDA:250,48,0,0
BRDA:250,48,1,0
BRDA:254,49,0,0
BRDA:254,49,1,0
BRDA:258,50,0,0
BRDA:258,50,1,0
BRDA:262,51,0,0
BRDA:262,51,1,0
BRDA:271,52,0,0
BRDA:271,52,1,0
BRDA:312,53,0,0
BRDA:312,53,1,0
BRDA:324,54,0,0
BRDA:324,54,1,0
BRDA:337,55,0,0
BRDA:337,55,1,0
BRDA:354,56,0,0
BRDA:354,56,1,0
BRDA:355,57,0,0
BRDA:355,57,1,0
BRDA:356,58,0,0
BRDA:356,58,1,0
BRDA:371,59,0,0
BRDA:371,59,1,0
BRDA:381,60,0,0
BRDA:381,60,1,0
BRDA:386,61,0,0
BRDA:386,61,1,0
BRDA:395,62,0,0
BRDA:395,62,1,0
BRDA:397,63,0,0
BRDA:397,63,1,0
BRDA:398,64,0,0
BRDA:398,64,1,0
BRDA:399,65,0,0
BRDA:399,65,1,0
BRDA:402,66,0,0
BRDA:402,66,1,0
BRDA:405,67,0,0
BRDA:405,67,1,0
BRDA:414,68,0,0
BRDA:414,68,1,0
BRDA:415,69,0,0
BRDA:415,69,1,0
BRDA:417,70,0,0
BRDA:417,70,1,0
BRDA:419,71,0,0
BRDA:419,71,1,0
BRDA:428,72,0,0
BRDA:428,72,1,0
BRDA:429,73,0,0
BRDA:429,73,1,0
BRDA:435,74,0,0
BRDA:435,74,1,0
BRDA:437,75,0,0
BRDA:437,75,1,0
BRDA:441,76,0,0
BRDA:441,76,1,0
BRDA:442,77,0,0
BRDA:442,77,1,0
BRDA:449,78,0,0
BRDA:449,78,1,0
BRDA:449,79,0,0
BRDA:449,79,1,0
BRDA:459,80,0,0
BRDA:459,80,1,0
BRDA:459,81,0,0
BRDA:459,81,1,0
BRDA:498,82,0,0
BRDA:498,82,1,0
BRDA:500,83,0,0
BRDA:500,83,1,0
BRDA:509,84,0,0
BRDA:509,84,1,0
BRDA:527,85,0,0
BRDA:527,85,1,0
BRDA:527,86,0,0
BRDA:527,86,1,0
BRDA:558,87,0,0
BRDA:558,87,1,0
BRDA:581,88,0,0
BRDA:581,88,1,0
BRDA:586,89,0,0
BRDA:586,89,1,0
BRDA:586,90,0,0
BRDA:586,90,1,0
BRDA:591,91,0,0
BRDA:591,91,1,0
BRDA:604,92,0,0
BRDA:604,92,1,0
BRDA:604,93,0,0
BRDA:604,93,1,0
BRDA:622,94,0,0
BRDA:622,94,1,0
BRDA:623,95,0,0
BRDA:623,95,1,0
BRDA:624,96,0,0
BRDA:624,96,1,0
BRDA:626,97,0,0
BRDA:626,97,1,0
BRDA:627,98,0,0
BRDA:627,98,1,0
BRDA:633,99,0,0
BRDA:633,99,1,0
BRDA:636,100,0,0
BRDA:636,100,1,0
BRDA:643,101,0,0
BRDA:643,101,1,0
BRDA:644,102,0,0
BRDA:644,102,1,0
BRDA:644,103,0,0
BRDA:644,103,1,0
BRDA:644,103,2,0
BRDA:650,104,0,0
BRDA:650,104,1,0
BRDA:651,105,0,0
BRDA:651,105,1,0
BRDA:651,106,0,0
BRDA:651,106,1,0
BRDA:651,106,2,0
BRDA:666,107,0,0
BRDA:666,107,1,0
BRDA:671,108,0,0
BRDA:671,108,1,0
BRDA:672,109,0,0
BRDA:672,109,1,0
BRDA:672,110,0,0
BRDA:672,110,1,0
BRDA:676,111,0,0
BRDA:676,111,1,0
BRDA:683,112,0,0
BRDA:683,112,1,0
BRDA:687,113,0,0
BRDA:687,113,1,0
BRDA:692,114,0,0
BRDA:692,114,1,0
BRDA:694,115,0,0
BRDA:694,115,1,0
BRDA:697,116,0,0
BRDA:697,116,1,0
BRDA:699,117,0,0
BRDA:699,117,1,0
BRDA:702,118,0,0
BRDA:702,118,1,0
BRDA:711,119,0,0
BRDA:711,119,1,0
BRDA:721,120,0,0
BRDA:721,120,1,0
BRDA:722,121,0,0
BRDA:722,121,1,0
BRDA:722,122,0,0
BRDA:722,122,1,0
BRDA:725,123,0,0
BRDA:725,123,1,0
BRDA:731,124,0,0
BRDA:731,124,1,0
BRDA:733,125,0,0
BRDA:733,125,1,0
BRDA:734,126,0,0
BRDA:734,126,1,0
BRDA:734,127,0,0
BRDA:734,127,1,0
BRDA:735,128,0,0
BRDA:735,128,1,0
BRDA:735,129,0,0
BRDA:735,129,1,0
BRDA:742,130,0,0
BRDA:742,130,1,0
BRDA:743,131,0,0
BRDA:743,131,1,0
BRDA:749,132,0,0
BRDA:749,132,1,0
BRDA:791,133,0,0
BRDA:791,133,1,0
BRDA:798,134,0,0
BRDA:798,134,1,0
BRDA:804,135,0,0
BRDA:804,135,1,0
BRDA:806,136,0,0
BRDA:806,136,1,0
BRDA:807,137,0,0
BRDA:807,137,1,0
BRDA:808,138,0,0
BRDA:808,138,1,0
BRDA:809,139,0,0
BRDA:809,139,1,0
BRDA:810,140,0,0
BRDA:810,140,1,0
BRDA:817,141,0,0
BRDA:817,141,1,0
BRDA:818,142,0,0
BRDA:818,142,1,0
BRDA:839,143,0,0
BRDA:839,143,1,0
BRDA:867,144,0,0
BRDA:867,144,1,0
BRDA:885,145,0,0
BRDA:885,145,1,0
BRDA:886,146,0,0
BRDA:886,146,1,0
BRDA:887,147,0,0
BRDA:887,147,1,0
BRDA:926,148,0,0
BRDA:926,148,1,0
BRDA:931,149,0,0
BRDA:931,149,1,0
BRDA:987,150,0,0
BRDA:987,150,1,0
BRDA:987,151,0,0
BRDA:987,151,1,0
BRDA:988,152,0,0
BRDA:988,152,1,0
BRDA:997,153,0,0
BRDA:997,153,1,0
BRDA:1020,154,0,0
BRDA:1020,154,1,0
BRDA:1021,155,0,0
BRDA:1021,155,1,0
BRDA:1022,156,0,0
BRDA:1022,156,1,0
BRDA:1023,157,0,0
BRDA:1023,157,1,0
BRDA:1024,158,0,0
BRDA:1024,158,1,0
BRDA:1026,159,0,0
BRDA:1026,159,1,0
BRDA:1028,160,0,0
BRDA:1028,160,1,0
BRDA:1036,161,0,0
BRDA:1036,161,1,0
BRDA:1049,162,0,0
BRDA:1049,162,1,0
BRDA:1052,163,0,0
BRDA:1052,163,1,0
BRDA:1057,164,0,0
BRDA:1057,164,1,0
BRDA:1058,165,0,0
BRDA:1058,165,1,0
BRDA:1064,166,0,0
BRDA:1064,166,1,0
BRDA:1068,167,0,0
BRDA:1068,167,1,0
BRDA:1070,168,0,0
BRDA:1070,168,1,0
BRDA:1078,169,0,0
BRDA:1078,169,1,0
BRDA:1079,170,0,0
BRDA:1079,170,1,0
BRDA:1080,171,0,0
BRDA:1080,171,1,0
BRDA:1082,172,0,0
BRDA:1082,172,1,0
BRDA:1083,173,0,0
BRDA:1083,173,1,0
BRDA:1084,174,0,0
BRDA:1084,174,1,0
BRDA:1089,175,0,0
BRDA:1089,175,1,0
BRDA:1090,176,0,0
BRDA:1090,176,1,0
BRDA:1091,177,0,0
BRDA:1091,177,1,0
BRDA:1100,178,0,0
BRDA:1100,178,1,0
BRDA:1106,179,0,0
BRDA:1106,179,1,0
BRDA:1107,180,0,0
BRDA:1107,180,1,0
BRDA:1108,181,0,0
BRDA:1108,181,1,0
BRDA:1109,182,0,0
BRDA:1109,182,1,0
BRDA:1117,183,0,0
BRDA:1117,183,1,0
BRDA:1117,184,0,0
BRDA:1117,184,1,0
BRDA:1117,184,2,0
BRDA:1123,185,0,0
BRDA:1123,185,1,0
BRDA:1124,186,0,0
BRDA:1124,186,1,0
BRDA:1124,187,0,0
BRDA:1124,187,1,0
BRDA:1127,188,0,0
BRDA:1127,188,1,0
BRDA:1132,189,0,0
BRDA:1132,189,1,0
BRDA:1133,190,0,0
BRDA:1133,190,1,0
BRDA:1133,191,0,0
BRDA:1133,191,1,0
BRDA:1136,192,0,0
BRDA:1136,192,1,0
BRDA:1139,193,0,0
BRDA:1139,193,1,0
BRDA:1141,194,0,0
BRDA:1141,194,1,0
BRDA:1146,195,0,0
BRDA:1146,195,1,0
BRDA:1150,196,0,0
BRDA:1150,196,1,0
BRDA:1151,197,0,0
BRDA:1151,197,1,0
BRDA:1152,198,0,0
BRDA:1152,198,1,0
BRDA:1153,199,0,0
BRDA:1153,199,1,0
BRDA:1162,200,0,0
BRDA:1162,200,1,0
BRDA:1162,201,0,0
BRDA:1162,201,1,0
BRDA:1164,202,0,0
BRDA:1164,202,1,0
BRDA:1167,203,0,0
BRDA:1167,203,1,0
BRDA:1171,204,0,0
BRDA:1171,204,1,0
BRDA:1173,205,0,0
BRDA:1173,205,1,0
BRDA:1182,206,0,0
BRDA:1182,206,1,0
BRDA:1185,207,0,0
BRDA:1185,207,1,0
BRDA:1191,208,0,0
BRDA:1191,208,1,0
BRDA:1191,209,0,0
BRDA:1191,209,1,0
BRDA:1193,210,0,0
BRDA:1193,210,1,0
BRDA:1195,211,0,0
BRDA:1195,211,1,0
BRDA:1197,212,0,0
BRDA:1197,212,1,0
BRF:429
BRH:0
end_of_record
TN:
SF:D:\Development\WebStormWorkplace\varied-mobile\src\data-process\prng4.js
FN:3,Arcfour
FN:10,ARC4init
FN:25,ARC4next
FNF:3
FNH:0
FNDA:0,Arcfour
FNDA:0,ARC4init
FNDA:0,ARC4next
DA:4,0
DA:5,0
DA:6,0
DA:12,0
DA:13,0
DA:14,0
DA:15,0
DA:16,0
DA:17,0
DA:18,0
DA:19,0
DA:21,0
DA:22,0
DA:27,0
DA:28,0
DA:29,0
DA:30,0
DA:31,0
DA:32,0
DA:35,0
DA:36,0
DA:40,0
LF:22
LH:0
BRF:0
BRH:0
end_of_record
TN:
SF:D:\Development\WebStormWorkplace\varied-mobile\src\data-process\rng.js
FN:13,rng_seed_int
FN:22,rng_seed_time
FN:48,rng_get_byte
FN:62,rng_get_bytes
FN:67,SecureRandom
FNF:5
FNH:0
FNDA:0,rng_seed_int
FNDA:0,rng_seed_time
FNDA:0,rng_get_byte
FNDA:0,rng_get_bytes
FNDA:0,SecureRandom
DA:6,0
DA:10,0
DA:14,0
DA:15,0
DA:16,0
DA:17,0
DA:18,0
DA:23,0
DA:27,0
DA:28,0
DA:29,0
DA:31,0
DA:33,0
DA:34,0
DA:35,0
DA:37,0
DA:38,0
DA:39,0
DA:40,0
DA:42,0
DA:43,0
DA:49,0
DA:50,0
DA:51,0
DA:52,0
DA:53,0
DA:54,0
DA:55,0
DA:59,0
DA:64,0
DA:70,0
DA:71,0
LF:32
LH:0
BRDA:18,0,0,0
BRDA:18,0,1,0
BRDA:27,1,0,0
BRDA:27,1,1,0
BRDA:31,2,0,0
BRDA:31,2,1,0
BRDA:31,3,0,0
BRDA:31,3,1,0
BRDA:31,3,2,0
BRDA:49,4,0,0
BRDA:49,4,1,0
BRF:11
BRH:0
end_of_record
TN:
SF:D:\Development\WebStormWorkplace\varied-mobile\src\data-process\rsa.js
FN:4,parseBigInt
FN:8,linebrk
FN:18,byte2Hex
FN:26,pkcs1pad2
FN:48,RSAKey
FN:60,RSASetPublic
FN:69,RSADoPublic
FN:74,RSAEncrypt
FN:83,pkcs1unpad2
FN:109,RSASetPrivate
FN:119,RSASetPrivateEx
FN:134,RSAGenerate
FN:168,RSADoPrivate
FN:183,RSADecrypt
FNF:14
FNH:0
FNDA:0,parseBigInt
FNDA:0,linebrk
FNDA:0,byte2Hex
FNDA:0,pkcs1pad2
FNDA:0,RSAKey
FNDA:0,RSASetPublic
FNDA:0,RSADoPublic
FNDA:0,RSAEncrypt
FNDA:0,pkcs1unpad2
FNDA:0,RSASetPrivate
FNDA:0,RSASetPrivateEx
FNDA:0,RSAGenerate
FNDA:0,RSADoPrivate
FNDA:0,RSADecrypt
DA:1,0
DA:2,0
DA:5,0
DA:9,0
DA:10,0
DA:11,0
DA:12,0
DA:13,0
DA:15,0
DA:19,0
DA:20,0
DA:22,0
DA:27,0
DA:28,0
DA:29,0
DA:31,0
DA:32,0
DA:33,0
DA:34,0
DA:35,0
DA:36,0
DA:37,0
DA:38,0
DA:39,0
DA:40,0
DA:42,0
DA:43,0
DA:44,0
DA:49,0
DA:50,0
DA:51,0
DA:52,0
DA:53,0
DA:54,0
DA:55,0
DA:56,0
DA:61,0
DA:62,0
DA:63,0
DA:65,0
DA:70,0
DA:75,0
DA:76,0
DA:77,0
DA:78,0
DA:79,0
DA:80,0
DA:84,0
DA:85,0
DA:86,0
DA:87,0
DA:88,0
DA:89,0
DA:90,0
DA:91,0
DA:92,0
DA:93,0
DA:94,0
DA:95,0
DA:96,0
DA:97,0
DA:98,0
DA:99,0
DA:101,0
DA:102,0
DA:105,0
DA:110,0
DA:111,0
DA:112,0
DA:113,0
DA:115,0
DA:120,0
DA:121,0
DA:122,0
DA:123,0
DA:124,0
DA:125,0
DA:126,0
DA:127,0
DA:128,0
DA:130,0
DA:135,0
DA:136,0
DA:137,0
DA:138,0
DA:139,0
DA:140,0
DA:141,0
DA:142,0
DA:144,0
DA:145,0
DA:146,0
DA:148,0
DA:149,0
DA:150,0
DA:151,0
DA:153,0
DA:154,0
DA:155,0
DA:156,0
DA:157,0
DA:158,0
DA:159,0
DA:160,0
DA:161,0
DA:162,0
DA:169,0
DA:170,0
DA:173,0
DA:174,0
DA:176,0
DA:177,0
DA:178,0
DA:184,0
DA:185,0
DA:186,0
DA:187,0
DA:197,0
DA:200,0
DA:201,0
DA:205,0
DA:208,0
DA:209,0
DA:210,0
DA:211,0
DA:212,0
LF:126
LH:0
BRDA:19,0,0,0
BRDA:19,0,1,0
BRDA:27,1,0,0
BRDA:27,1,1,0
BRDA:33,2,0,0
BRDA:33,2,1,0
BRDA:61,3,0,0
BRDA:61,3,1,0
BRDA:61,4,0,0
BRDA:61,4,1,0
BRDA:61,4,2,0
BRDA:61,4,3,0
BRDA:76,5,0,0
BRDA:76,5,1,0
BRDA:78,6,0,0
BRDA:78,6,1,0
BRDA:80,7,0,0
BRDA:80,7,1,0
BRDA:86,8,0,0
BRDA:86,8,1,0
BRDA:87,9,0,0
BRDA:87,9,1,0
BRDA:87,10,0,0
BRDA:87,10,1,0
BRDA:91,11,0,0
BRDA:91,11,1,0
BRDA:95,12,0,0
BRDA:95,12,1,0
BRDA:97,13,0,0
BRDA:97,13,1,0
BRDA:97,14,0,0
BRDA:97,14,1,0
BRDA:110,15,0,0
BRDA:110,15,1,0
BRDA:110,16,0,0
BRDA:110,16,1,0
BRDA:110,16,2,0
BRDA:110,16,3,0
BRDA:120,17,0,0
BRDA:120,17,1,0
BRDA:120,18,0,0
BRDA:120,18,1,0
BRDA:120,18,2,0
BRDA:120,18,3,0
BRDA:142,19,0,0
BRDA:142,19,1,0
BRDA:142,20,0,0
BRDA:142,20,1,0
BRDA:146,21,0,0
BRDA:146,21,1,0
BRDA:146,22,0,0
BRDA:146,22,1,0
BRDA:148,23,0,0
BRDA:148,23,1,0
BRDA:156,24,0,0
BRDA:156,24,1,0
BRDA:169,25,0,0
BRDA:169,25,1,0
BRDA:169,26,0,0
BRDA:169,26,1,0
BRDA:186,27,0,0
BRDA:186,27,1,0
BRF:62
BRH:0
end_of_record
TN:
SF:D:\Development\WebStormWorkplace\varied-mobile\src\date-picker\index.vue
FN:231,value
FN:234,startState
FN:244,handler
FN:253,isShow
FN:284,data
FN:332,preMonth
FN:343,nextMonth
FN:354,preYear
FN:357,nextYear
FN:360,selectDay
FN:376,judgeDateTime
FN:390,switchDate
FN:393,hide
FN:396,getDate
FN:437,submit
FN:444,classStyle
FN:491,start
FN:494,move
FN:526,changeTimeList
FN:540,end
FN:576,dateHandle
FN:584,initDate
FN:621,initTime
FN:628,created
FN:630,mounted
FN:1,(anonymous_25)
FNF:26
FNH:0
FNDA:0,value
FNDA:0,startState
FNDA:0,handler
FNDA:0,isShow
FNDA:0,data
FNDA:0,preMonth
FNDA:0,nextMonth
FNDA:0,preYear
FNDA:0,nextYear
FNDA:0,selectDay
FNDA:0,judgeDateTime
FNDA:0,switchDate
FNDA:0,hide
FNDA:0,getDate
FNDA:0,submit
FNDA:0,classStyle
FNDA:0,start
FNDA:0,move
FNDA:0,changeTimeList
FNDA:0,end
FNDA:0,dateHandle
FNDA:0,initDate
FNDA:0,initTime
FNDA:0,created
FNDA:0,mounted
FNDA:0,(anonymous_25)
DA:1,0
DA:225,0
DA:226,0
DA:232,0
DA:235,0
DA:236,0
DA:237,0
DA:241,0
DA:245,0
DA:249,0
DA:254,0
DA:285,0
DA:333,0
DA:334,0
DA:336,0
DA:337,0
DA:339,0
DA:340,0
DA:344,0
DA:345,0
DA:347,0
DA:348,0
DA:350,0
DA:351,0
DA:355,0
DA:358,0
DA:361,0
DA:362,0
DA:364,0
DA:366,0
DA:368,0
DA:370,0
DA:371,0
DA:372,0
DA:373,0
DA:377,0
DA:380,0
DA:381,0
DA:383,0
DA:385,0
DA:387,0
DA:388,0
DA:391,0
DA:394,0
DA:396,0
DA:397,0
DA:398,0
DA:399,0
DA:402,0
DA:407,0
DA:412,0
DA:413,0
DA:414,0
DA:416,0
DA:419,0
DA:420,0
DA:421,0
DA:422,0
DA:423,0
DA:424,0
DA:429,0
DA:433,0
DA:435,0
DA:438,0
DA:442,0
DA:445,0
DA:446,0
DA:447,0
DA:448,0
DA:449,0
DA:451,0
DA:452,0
DA:453,0
DA:455,0
DA:456,0
DA:457,0
DA:458,0
DA:459,0
DA:460,0
DA:461,0
DA:462,0
DA:463,0
DA:464,0
DA:465,0
DA:466,0
DA:467,0
DA:468,0
DA:469,0
DA:470,0
DA:471,0
DA:472,0
DA:474,0
DA:475,0
DA:477,0
DA:478,0
DA:482,0
DA:483,0
DA:485,0
DA:486,0
DA:489,0
DA:492,0
DA:495,0
DA:496,0
DA:498,0
DA:502,0
DA:504,0
DA:508,0
DA:511,0
DA:514,0
DA:515,0
DA:517,0
DA:518,0
DA:520,0
DA:521,0
DA:523,0
DA:527,0
DA:529,0
DA:532,0
DA:535,0
DA:541,0
DA:542,0
DA:544,0
DA:547,0
DA:551,0
DA:553,0
DA:556,0
DA:560,0
DA:562,0
DA:568,0
DA:570,0
DA:572,0
DA:573,0
DA:574,0
DA:577,0
DA:578,0
DA:579,0
DA:580,0
DA:585,0
DA:586,0
DA:587,0
DA:598,0
DA:599,0
DA:600,0
DA:601,0
DA:603,0
DA:604,0
DA:615,0
DA:616,0
DA:617,0
DA:618,0
DA:622,0
DA:625,0
DA:631,0
DA:633,0
DA:634,0
DA:636,0
DA:637,0
DA:639,0
DA:640,0
DA:641,0
DA:643,0
DA:644,0
DA:646,0
DA:647,0
LF:164
LH:0
BRDA:333,0,0,0
BRDA:333,0,1,0
BRDA:339,1,0,0
BRDA:339,1,1,0
BRDA:344,2,0,0
BRDA:344,2,1,0
BRDA:350,3,0,0
BRDA:350,3,1,0
BRDA:371,4,0,0
BRDA:371,4,1,0
BRDA:377,5,0,0
BRDA:377,5,1,0
BRDA:377,6,0,0
BRDA:377,6,1,0
BRDA:380,7,0,0
BRDA:380,7,1,0
BRDA:396,8,0,0
BRDA:396,8,1,0
BRDA:398,9,0,0
BRDA:398,9,1,0
BRDA:399,10,0,0
BRDA:399,10,1,0
BRDA:402,11,0,0
BRDA:402,11,1,0
BRDA:407,12,0,0
BRDA:407,12,1,0
BRDA:412,13,0,0
BRDA:412,13,1,0
BRDA:413,14,0,0
BRDA:413,14,1,0
BRDA:419,15,0,0
BRDA:419,15,1,0
BRDA:423,16,0,0
BRDA:423,16,1,0
BRDA:438,17,0,0
BRDA:438,17,1,0
BRDA:447,18,0,0
BRDA:447,18,1,0
BRDA:451,19,0,0
BRDA:451,19,1,0
BRDA:467,20,0,0
BRDA:467,20,1,0
BRDA:469,21,0,0
BRDA:469,21,1,0
BRDA:470,22,0,0
BRDA:470,22,1,0
BRDA:471,23,0,0
BRDA:471,23,1,0
BRDA:471,24,0,0
BRDA:471,24,1,0
BRDA:474,25,0,0
BRDA:474,25,1,0
BRDA:474,26,0,0
BRDA:474,26,1,0
BRDA:477,27,0,0
BRDA:477,27,1,0
BRDA:482,28,0,0
BRDA:482,28,1,0
BRDA:482,29,0,0
BRDA:482,29,1,0
BRDA:485,30,0,0
BRDA:485,30,1,0
BRDA:485,31,0,0
BRDA:485,31,1,0
BRDA:497,32,0,0
BRDA:497,32,1,0
BRDA:497,32,2,0
BRDA:497,32,3,0
BRDA:514,33,0,0
BRDA:514,33,1,0
BRDA:517,34,0,0
BRDA:517,34,1,0
BRDA:527,35,0,0
BRDA:527,35,1,0
BRDA:527,36,0,0
BRDA:527,36,1,0
BRDA:543,37,0,0
BRDA:543,37,1,0
BRDA:543,37,2,0
BRDA:543,37,3,0
BRDA:547,38,0,0
BRDA:547,38,1,0
BRDA:556,39,0,0
BRDA:556,39,1,0
BRDA:562,40,0,0
BRDA:562,40,1,0
BRDA:579,41,0,0
BRDA:579,41,1,0
BRDA:585,42,0,0
BRDA:585,42,1,0
BRDA:590,43,0,0
BRDA:590,43,1,0
BRDA:607,44,0,0
BRDA:607,44,1,0
BRDA:622,45,0,0
BRDA:622,45,1,0
BRDA:632,46,0,0
BRDA:632,46,1,0
BRDA:632,46,2,0
BRDA:632,46,3,0
BRDA:1,47,0,0
BRDA:1,47,1,0
BRF:102
BRH:0
end_of_record
TN:
SF:D:\Development\WebStormWorkplace\varied-mobile\src\dialog\Dialog.vue
FN:88,data
FN:96,created
FN:101,handleAction
FN:104,(anonymous_3)
FN:115,onClose
FN:1,(anonymous_5)
FNF:6
FNH:0
FNDA:0,data
FNDA:0,created
FNDA:0,handleAction
FNDA:0,(anonymous_3)
FNDA:0,onClose
FNDA:0,(anonymous_5)
DA:1,0
DA:51,0
DA:52,0
DA:53,0
DA:89,0
DA:97,0
DA:101,0
DA:102,0
DA:103,0
DA:104,0
DA:105,0
DA:106,0
DA:108,0
DA:111,0
DA:116,0
DA:117,0
DA:118,0
LF:17
LH:0
BRDA:102,0,0,0
BRDA:102,0,1,0
BRDA:105,1,0,0
BRDA:105,1,1,0
BRDA:118,2,0,0
BRDA:118,2,1,0
BRDA:1,3,0,0
BRDA:1,3,1,0
BRF:8
BRH:0
end_of_record
TN:
SF:D:\Development\WebStormWorkplace\varied-mobile\src\dialog\index.js
FN:7,(anonymous_0)
FN:12,(anonymous_1)
FN:19,(anonymous_2)
FN:25,(anonymous_3)
FN:51,(anonymous_4)
FN:58,(anonymous_5)
FN:63,(anonymous_6)
FN:69,(anonymous_7)
FN:73,(anonymous_8)
FN:77,(anonymous_9)
FNF:10
FNH:0
FNDA:0,(anonymous_0)
FNDA:0,(anonymous_1)
FNDA:0,(anonymous_2)
FNDA:0,(anonymous_3)
FNDA:0,(anonymous_4)
FNDA:0,(anonymous_5)
FNDA:0,(anonymous_6)
FNDA:0,(anonymous_7)
FNDA:0,(anonymous_8)
FNDA:0,(anonymous_9)
DA:7,0
DA:8,0
DA:12,0
DA:13,0
DA:16,0
DA:19,0
DA:21,0
DA:25,0
DA:26,0
DA:27,0
DA:30,0
DA:37,0
DA:52,0
DA:56,0
DA:58,0
DA:63,0
DA:64,0
DA:65,0
DA:69,0
DA:70,0
DA:73,0
DA:74,0
DA:77,0
DA:78,0
DA:81,0
DA:82,0
LF:26
LH:0
BRDA:21,0,0,0
BRDA:26,1,0,0
BRDA:26,1,1,0
BRDA:52,2,0,0
BRDA:52,2,1,0
BRDA:64,3,0,0
BRDA:64,3,1,0
BRF:7
BRH:0
end_of_record
TN:
SF:D:\Development\WebStormWorkplace\varied-mobile\src\field\index.vue
FN:104,data
FN:111,value
FN:116,mounted
FN:122,showClear
FN:132,listeners
FN:144,focus
FN:148,blur
FN:153,format
FN:169,onInput
FN:173,onFocus
FN:184,onBlur
FN:189,onClickIcon
FN:194,onClear
FN:199,onKeypress
FN:221,adjustSize
FN:1,(anonymous_15)
FNF:16
FNH:0
FNDA:0,data
FNDA:0,value
FNDA:0,mounted
FNDA:0,showClear
FNDA:0,listeners
FNDA:0,focus
FNDA:0,blur
FNDA:0,format
FNDA:0,onInput
FNDA:0,onFocus
FNDA:0,onBlur
FNDA:0,onClickIcon
FNDA:0,onClear
FNDA:0,onKeypress
FNDA:0,adjustSize
FNDA:0,(anonymous_15)
DA:1,0
DA:77,0
DA:78,0
DA:79,0
DA:105,0
DA:112,0
DA:117,0
DA:118,0
DA:123,0
DA:133,0
DA:145,0
DA:149,0
DA:153,0
DA:157,0
DA:162,0
DA:163,0
DA:166,0
DA:170,0
DA:174,0
DA:175,0
DA:179,0
DA:185,0
DA:186,0
DA:190,0
DA:191,0
DA:195,0
DA:196,0
DA:200,0
DA:202,0
DA:203,0
DA:207,0
DA:208,0
DA:218,0
DA:221,0
DA:223,0
DA:224,0
DA:227,0
DA:229,0
DA:230,0
DA:232,0
DA:233,0
DA:235,0
DA:236,0
DA:240,0
DA:241,0
LF:45
LH:0
BRDA:123,0,0,0
BRDA:123,0,1,0
BRDA:123,0,2,0
BRDA:123,0,3,0
BRDA:123,0,4,0
BRDA:145,1,0,0
BRDA:145,1,1,0
BRDA:149,2,0,0
BRDA:149,2,1,0
BRDA:153,3,0,0
BRDA:153,3,1,0
BRDA:157,4,0,0
BRDA:157,4,1,0
BRDA:157,5,0,0
BRDA:157,5,1,0
BRDA:157,5,2,0
BRDA:179,6,0,0
BRDA:191,7,0,0
BRDA:191,7,1,0
BRDA:200,8,0,0
BRDA:200,8,1,0
BRDA:203,9,0,0
BRDA:203,9,1,0
BRDA:203,9,2,0
BRDA:203,9,3,0
BRDA:203,9,4,0
BRDA:207,10,0,0
BRDA:207,10,1,0
BRDA:223,11,0,0
BRDA:223,11,1,0
BRDA:223,12,0,0
BRDA:223,12,1,0
BRDA:230,13,0,0
BRDA:230,13,1,0
BRDA:232,14,0,0
BRDA:232,14,1,0
BRDA:235,15,0,0
BRDA:235,15,1,0
BRDA:240,16,0,0
BRDA:240,16,1,0
BRDA:1,17,0,0
BRDA:1,17,1,0
BRF:42
BRH:0
end_of_record
TN:
SF:D:\Development\WebStormWorkplace\varied-mobile\src\icon\index.vue
FN:33,style
FN:1,(anonymous_1)
FNF:2
FNH:2
FNDA:2,style
FNDA:3,(anonymous_1)
DA:1,12
DA:11,1
DA:12,1
DA:13,1
DA:33,4
DA:35,2
DA:36,2
LF:7
LH:7
BRF:0
BRH:0
end_of_record
TN:
SF:D:\Development\WebStormWorkplace\varied-mobile\src\image\index.vue
FN:77,src
FN:82,data
FN:89,onLoad
FN:94,onLazyLoaded
FN:100,onLazyLoadError
FN:106,onError
FN:112,onClick
FN:116,beforeDestroy
FN:124,created
FN:133,style
FN:1,(anonymous_10)
FNF:11
FNH:0
FNDA:0,src
FNDA:0,data
FNDA:0,onLoad
FNDA:0,onLazyLoaded
FNDA:0,onLazyLoadError
FNDA:0,onError
FNDA:0,onClick
FNDA:0,beforeDestroy
FNDA:0,created
FNDA:0,style
FNDA:0,(anonymous_10)
DA:1,0
DA:42,0
DA:43,0
DA:44,0
DA:45,0
DA:78,0
DA:79,0
DA:83,0
DA:90,0
DA:91,0
DA:94,0
DA:95,0
DA:96,0
DA:100,0
DA:101,0
DA:102,0
DA:107,0
DA:108,0
DA:109,0
DA:113,0
DA:116,0
DA:119,0
DA:120,0
DA:121,0
DA:124,0
DA:127,0
DA:128,0
DA:129,0
DA:134,0
DA:136,0
DA:137,0
DA:140,0
DA:141,0
DA:144,0
DA:145,0
DA:146,0
DA:149,0
LF:37
LH:0
BRDA:95,0,0,0
BRDA:95,0,1,0
BRDA:95,1,0,0
BRDA:95,1,1,0
BRDA:101,2,0,0
BRDA:101,2,1,0
BRDA:101,3,0,0
BRDA:101,3,1,0
BRDA:119,4,0,0
BRDA:119,4,1,0
BRDA:127,5,0,0
BRDA:127,5,1,0
BRDA:127,6,0,0
BRDA:127,6,1,0
BRDA:136,7,0,0
BRDA:136,7,1,0
BRDA:140,8,0,0
BRDA:140,8,1,0
BRDA:144,9,0,0
BRDA:144,9,1,0
BRDA:1,10,0,0
BRDA:1,10,1,0
BRF:22
BRH:0
end_of_record
TN:
SF:D:\Development\WebStormWorkplace\varied-mobile\src\image-preview\ImagePreview.vue
FN:63,(anonymous_0)
FN:79,_default
FN:127,data
FN:136,mounted
FN:143,value
FN:146,(anonymous_5)
FN:160,resize
FN:168,emitClose
FN:174,emitScale
FN:178,setActive
FN:184,onClosed
FN:1,(anonymous_11)
FNF:12
FNH:0
FNDA:0,(anonymous_0)
FNDA:0,_default
FNDA:0,data
FNDA:0,mounted
FNDA:0,value
FNDA:0,(anonymous_5)
FNDA:0,resize
FNDA:0,emitClose
FNDA:0,emitScale
FNDA:0,setActive
FNDA:0,onClosed
FNDA:0,(anonymous_11)
DA:1,0
DA:49,0
DA:52,0
DA:53,0
DA:54,0
DA:57,0
DA:58,0
DA:59,0
DA:67,0
DA:68,0
DA:79,0
DA:128,0
DA:137,0
DA:143,0
DA:144,0
DA:145,0
DA:146,0
DA:147,0
DA:148,0
DA:151,0
DA:161,0
DA:162,0
DA:163,0
DA:164,0
DA:169,0
DA:170,0
DA:175,0
DA:179,0
DA:180,0
DA:181,0
DA:185,0
LF:31
LH:0
BRDA:144,0,0,0
BRDA:144,0,1,0
BRDA:161,1,0,0
BRDA:161,1,1,0
BRDA:161,2,0,0
BRDA:161,2,1,0
BRDA:169,3,0,0
BRDA:169,3,1,0
BRDA:179,4,0,0
BRDA:179,4,1,0
BRDA:1,5,0,0
BRDA:1,5,1,0
BRF:12
BRH:0
end_of_record
TN:
SF:D:\Development\WebStormWorkplace\varied-mobile\src\image-preview\ImagePreviewItem.vue
FN:24,getDistance
FN:47,data
FN:61,vertical
FN:67,imageStyle
FN:82,maxMoveX
FN:94,maxMoveY
FN:108,show
FN:115,mounted
FN:120,resetScale
FN:126,setScale
FN:134,toggleScale
FN:142,onTouchStart
FN:161,onTouchMove
FN:185,onTouchEnd
FN:225,checkTap
FN:241,(anonymous_15)
FN:249,onLoad
FN:1,(anonymous_17)
FNF:18
FNH:0
FNDA:0,getDistance
FNDA:0,data
FNDA:0,vertical
FNDA:0,imageStyle
FNDA:0,maxMoveX
FNDA:0,maxMoveY
FNDA:0,show
FNDA:0,mounted
FNDA:0,resetScale
FNDA:0,setScale
FNDA:0,toggleScale
FNDA:0,onTouchStart
FNDA:0,onTouchMove
FNDA:0,onTouchEnd
FNDA:0,checkTap
FNDA:0,(anonymous_15)
FNDA:0,onLoad
FNDA:0,(anonymous_17)
DA:1,0
DA:13,0
DA:14,0
DA:17,0
DA:20,0
DA:21,0
DA:22,0
DA:25,0
DA:48,0
DA:61,0
DA:63,0
DA:64,0
DA:67,0
DA:69,0
DA:73,0
DA:74,0
DA:75,0
DA:76,0
DA:79,0
DA:83,0
DA:84,0
DA:88,0
DA:91,0
DA:95,0
DA:96,0
DA:100,0
DA:103,0
DA:109,0
DA:110,0
DA:116,0
DA:121,0
DA:122,0
DA:123,0
DA:127,0
DA:128,0
DA:135,0
DA:137,0
DA:138,0
DA:139,0
DA:142,0
DA:146,0
DA:147,0
DA:149,0
DA:150,0
DA:152,0
DA:153,0
DA:155,0
DA:156,0
DA:157,0
DA:161,0
DA:164,0
DA:166,0
DA:167,0
DA:170,0
DA:171,0
DA:172,0
DA:173,0
DA:174,0
DA:177,0
DA:178,0
DA:179,0
DA:181,0
DA:186,0
DA:189,0
DA:190,0
DA:192,0
DA:197,0
DA:200,0
DA:201,0
DA:202,0
DA:203,0
DA:204,0
DA:207,0
DA:208,0
DA:209,0
DA:210,0
DA:212,0
DA:213,0
DA:219,0
DA:221,0
DA:222,0
DA:225,0
DA:227,0
DA:228,0
DA:229,0
DA:231,0
DA:236,0
DA:237,0
DA:238,0
DA:239,0
DA:241,0
DA:242,0
DA:243,0
DA:249,0
DA:251,0
LF:95
LH:0
BRDA:70,0,0,0
BRDA:70,0,1,0
BRDA:73,1,0,0
BRDA:73,1,1,0
BRDA:83,2,0,0
BRDA:83,2,1,0
BRDA:84,3,0,0
BRDA:84,3,1,0
BRDA:95,4,0,0
BRDA:95,4,1,0
BRDA:96,5,0,0
BRDA:96,5,1,0
BRDA:109,6,0,0
BRDA:109,6,1,0
BRDA:135,7,0,0
BRDA:135,7,1,0
BRDA:142,8,0,0
BRDA:142,8,1,0
BRDA:152,9,0,0
BRDA:152,9,1,0
BRDA:153,10,0,0
BRDA:153,10,1,0
BRDA:155,11,0,0
BRDA:155,11,1,0
BRDA:166,12,0,0
BRDA:166,12,1,0
BRDA:166,13,0,0
BRDA:166,13,1,0
BRDA:170,14,0,0
BRDA:170,14,1,0
BRDA:177,15,0,0
BRDA:177,15,1,0
BRDA:177,16,0,0
BRDA:177,16,1,0
BRDA:189,17,0,0
BRDA:189,18,0,0
BRDA:189,18,1,0
BRDA:192,19,0,0
BRDA:192,19,1,0
BRDA:192,20,0,0
BRDA:192,20,1,0
BRDA:192,20,2,0
BRDA:200,21,0,0
BRDA:200,21,1,0
BRDA:201,22,0,0
BRDA:201,22,1,0
BRDA:212,23,0,0
BRDA:212,23,1,0
BRDA:225,24,0,0
BRDA:225,24,1,0
BRDA:231,25,0,0
BRDA:231,25,1,0
BRDA:231,26,0,0
BRDA:231,26,1,0
BRDA:231,26,2,0
BRDA:236,27,0,0
BRDA:236,27,1,0
BRF:57
BRH:0
end_of_record
TN:
SF:D:\Development\WebStormWorkplace\varied-mobile\src\image-preview\index.js
FN:28,(anonymous_0)
FN:35,(anonymous_1)
FN:49,(anonymous_2)
FN:53,(anonymous_3)
FN:65,(anonymous_4)
FNF:5
FNH:0
FNDA:0,(anonymous_0)
FNDA:0,(anonymous_1)
FNDA:0,(anonymous_2)
FNDA:0,(anonymous_3)
FNDA:0,(anonymous_4)
DA:7,0
DA:28,0
DA:29,0
DA:32,0
DA:35,0
DA:37,0
DA:41,0
DA:42,0
DA:45,0
DA:47,0
DA:49,0
DA:50,0
DA:53,0
DA:54,0
DA:57,0
DA:58,0
DA:59,0
DA:62,0
DA:65,0
DA:66,0
LF:20
LH:0
BRDA:35,0,0,0
BRDA:37,1,0,0
BRDA:41,2,0,0
BRDA:41,2,1,0
BRDA:45,3,0,0
BRDA:45,3,1,0
BRDA:57,4,0,0
BRDA:57,4,1,0
BRF:8
BRH:0
end_of_record
TN:
SF:D:\Development\WebStormWorkplace\varied-mobile\src\info\index.vue
FN:1,(anonymous_0)
FNF:1
FNH:1
FNDA:2,(anonymous_0)
DA:1,9
DA:10,1
LF:2
LH:2
BRDA:1,0,0,0
BRDA:1,0,1,2
BRF:2
BRH:1
end_of_record
TN:
SF:D:\Development\WebStormWorkplace\varied-mobile\src\lazy-load\index.js
FNF:0
FNH:0
LF:0
LH:0
BRF:0
BRH:0
end_of_record
TN:
SF:D:\Development\WebStormWorkplace\varied-mobile\src\list\index.vue
FN:42,(anonymous_0)
FN:74,data
FN:80,updated
FN:83,mounted
FN:94,check
FN:95,(anonymous_5)
FN:136,clickErrorText
FN:1,(anonymous_7)
FNF:8
FNH:0
FNDA:0,(anonymous_0)
FNDA:0,data
FNDA:0,updated
FNDA:0,mounted
FNDA:0,check
FNDA:0,(anonymous_5)
FNDA:0,clickErrorText
FNDA:0,(anonymous_7)
DA:1,0
DA:29,0
DA:30,0
DA:31,0
DA:34,0
DA:37,0
DA:44,0
DA:45,0
DA:48,0
DA:75,0
DA:81,0
DA:84,0
DA:85,0
DA:94,0
DA:95,0
DA:96,0
DA:97,0
DA:102,0
DA:103,0
DA:104,0
DA:106,0
DA:112,0
DA:119,0
DA:120,0
DA:122,0
DA:123,0
DA:125,0
DA:128,0
DA:129,0
DA:130,0
DA:131,0
DA:137,0
DA:138,0
LF:33
LH:0
BRDA:44,0,0,0
BRDA:44,0,1,0
BRDA:84,1,0,0
BRDA:84,1,1,0
BRDA:96,2,0,0
BRDA:96,2,1,0
BRDA:96,3,0,0
BRDA:96,3,1,0
BRDA:96,3,2,0
BRDA:103,4,0,0
BRDA:103,4,1,0
BRDA:122,5,0,0
BRDA:122,5,1,0
BRDA:128,6,0,0
BRDA:128,6,1,0
BRDA:1,7,0,0
BRDA:1,7,1,0
BRF:17
BRH:0
end_of_record
TN:
SF:D:\Development\WebStormWorkplace\varied-mobile\src\loading\index.vue
FN:56,style
FN:64,cStyle
FN:1,(anonymous_2)
FNF:3
FNH:0
FNDA:0,style
FNDA:0,cStyle
FNDA:0,(anonymous_2)
DA:1,3
DA:26,1
DA:27,1
DA:57,0
DA:65,0
LF:5
LH:3
BRDA:60,0,0,0
BRDA:60,0,1,0
BRDA:61,1,0,0
BRDA:61,1,1,0
BRDA:1,2,0,0
BRDA:1,2,1,0
BRF:6
BRH:0
end_of_record
TN:
SF:D:\Development\WebStormWorkplace\varied-mobile\src\mixins\bem.js
FN:13,(anonymous_0)
FN:15,(anonymous_1)
FN:21,(anonymous_2)
FN:25,(anonymous_3)
FN:33,(anonymous_4)
FNF:5
FNH:5
FNDA:335,(anonymous_0)
FNDA:51,(anonymous_1)
FNDA:9,(anonymous_2)
FNDA:12,(anonymous_3)
FNDA:296,(anonymous_4)
DA:10,1
DA:11,1
DA:13,335
DA:15,1
DA:16,51
DA:17,39
DA:20,12
DA:21,9
DA:24,7
DA:25,7
DA:26,12
DA:28,7
DA:34,296
DA:36,296
DA:37,7
DA:38,7
DA:40,296
DA:42,296
LF:18
LH:18
BRDA:13,0,0,324
BRDA:13,0,1,11
BRDA:16,1,0,39
BRDA:16,1,1,12
BRDA:20,2,0,5
BRDA:20,2,1,7
BRDA:25,3,0,7
BRDA:25,3,1,6
BRDA:36,4,0,7
BRDA:36,4,1,289
BRDA:36,5,0,296
BRDA:36,5,1,292
BRDA:42,6,0,42
BRDA:42,6,1,254
BRF:14
BRH:14
end_of_record
TN:
SF:D:\Development\WebStormWorkplace\varied-mobile\src\mixins\bind-event.js
FN:8,BindEventMixin
FN:11,bind
FN:18,unbind
FNF:3
FNH:0
FNDA:0,BindEventMixin
FNDA:0,bind
FNDA:0,unbind
DA:6,0
DA:9,0
DA:12,0
DA:13,0
DA:14,0
DA:19,0
DA:20,0
DA:21,0
DA:25,0
LF:9
LH:0
BRDA:12,0,0,0
BRDA:12,0,1,0
BRDA:19,1,0,0
BRDA:19,1,1,0
BRF:4
BRH:0
end_of_record
TN:
SF:D:\Development\WebStormWorkplace\varied-mobile\src\mixins\cell.js
FNF:0
FNH:0
LF:0
LH:0
BRF:0
BRH:0
end_of_record
TN:
SF:D:\Development\WebStormWorkplace\varied-mobile\src\mixins\field.js
FN:9,(anonymous_0)
FN:19,(anonymous_1)
FNF:2
FNH:0
FNDA:0,(anonymous_0)
FNDA:0,(anonymous_1)
DA:1,0
DA:10,0
DA:12,0
DA:13,0
DA:14,0
DA:20,0
DA:22,0
DA:23,0
LF:8
LH:0
BRDA:12,0,0,0
BRDA:12,0,1,0
BRDA:22,1,0,0
BRDA:22,1,1,0
BRDA:22,2,0,0
BRDA:22,2,1,0
BRF:6
BRH:0
end_of_record
TN:
SF:D:\Development\WebStormWorkplace\varied-mobile\src\mixins\find-parent.js
FN:6,(anonymous_0)
FN:13,(anonymous_1)
FNF:2
FNH:1
FNDA:8,(anonymous_0)
FNDA:0,(anonymous_1)
DA:7,8
DA:14,0
DA:15,0
DA:16,0
DA:17,0
DA:18,0
DA:20,0
LF:7
LH:1
BRDA:16,0,0,0
BRDA:16,0,1,0
BRF:2
BRH:0
end_of_record
TN:
SF:D:\Development\WebStormWorkplace\varied-mobile\src\mixins\picker.js
FNF:0
FNH:0
LF:0
LH:0
BRF:0
BRH:0
end_of_record
TN:
SF:D:\Development\WebStormWorkplace\varied-mobile\src\mixins\relation.js
FN:3,ChildrenMixin
FN:14,(anonymous_1)
FN:21,(anonymous_2)
FN:32,(anonymous_3)
FN:39,(anonymous_4)
FN:43,(anonymous_5)
FN:46,(anonymous_6)
FN:52,(anonymous_7)
FN:67,ParentMixin
FN:69,(anonymous_9)
FN:75,(anonymous_10)
FNF:11
FNH:0
FNDA:0,ChildrenMixin
FNDA:0,(anonymous_1)
FNDA:0,(anonymous_2)
FNDA:0,(anonymous_3)
FNDA:0,(anonymous_4)
FNDA:0,(anonymous_5)
FNDA:0,(anonymous_6)
FNDA:0,(anonymous_7)
FNDA:0,ParentMixin
FNDA:0,(anonymous_9)
FNDA:0,(anonymous_10)
DA:4,0
DA:6,0
DA:15,0
DA:16,0
DA:18,0
DA:22,0
DA:23,0
DA:24,0
DA:27,0
DA:33,0
DA:34,0
DA:40,0
DA:44,0
DA:45,0
DA:46,0
DA:53,0
DA:54,0
DA:57,0
DA:59,0
DA:61,0
DA:68,0
DA:70,0
DA:76,0
LF:23
LH:0
BRDA:3,0,0,0
BRDA:4,1,0,0
BRDA:4,1,1,0
BRDA:15,2,0,0
BRDA:15,2,1,0
BRDA:23,3,0,0
BRDA:23,3,1,0
BRDA:33,4,0,0
BRDA:33,4,1,0
BRDA:44,5,0,0
BRDA:44,5,1,0
BRDA:53,6,0,0
BRDA:53,6,1,0
BRDA:53,7,0,0
BRDA:53,7,1,0
BRF:15
BRH:0
end_of_record
TN:
SF:D:\Development\WebStormWorkplace\varied-mobile\src\mixins\router-link.js
FN:14,(anonymous_0)
FNF:1
FNH:0
FNDA:0,(anonymous_0)
DA:15,0
DA:16,0
DA:17,0
DA:18,0
DA:19,0
DA:20,0
DA:21,0
LF:7
LH:0
BRDA:16,0,0,0
BRDA:16,0,1,0
BRDA:16,1,0,0
BRDA:16,1,1,0
BRDA:17,2,0,0
BRDA:17,2,1,0
BRDA:18,3,0,0
BRDA:18,3,1,0
BRDA:19,4,0,0
BRDA:19,4,1,0
BRDA:20,5,0,0
BRDA:20,5,1,0
BRF:12
BRH:0
end_of_record
TN:
SF:D:\Development\WebStormWorkplace\varied-mobile\src\mixins\touch.js
FN:4,getDirection
FN:15,(anonymous_1)
FN:22,(anonymous_2)
FN:28,(anonymous_3)
FN:38,(anonymous_4)
FN:48,(anonymous_5)
FN:53,(anonymous_6)
FN:59,(anonymous_7)
FN:69,(anonymous_8)
FN:79,(anonymous_9)
FNF:10
FNH:1
FNDA:0,getDirection
FNDA:2,(anonymous_1)
FNDA:0,(anonymous_2)
FNDA:0,(anonymous_3)
FNDA:0,(anonymous_4)
FNDA:0,(anonymous_5)
FNDA:0,(anonymous_6)
FNDA:0,(anonymous_7)
FNDA:0,(anonymous_8)
FNDA:0,(anonymous_9)
DA:1,1
DA:5,0
DA:6,0
DA:8,0
DA:9,0
DA:11,0
DA:16,2
DA:23,0
DA:24,0
DA:25,0
DA:29,0
DA:30,0
DA:31,0
DA:32,0
DA:33,0
DA:34,0
DA:39,0
DA:40,0
DA:41,0
DA:42,0
DA:43,0
DA:47,1
DA:49,0
DA:54,0
DA:55,0
DA:56,0
DA:60,0
DA:61,0
DA:62,0
DA:63,0
DA:64,0
DA:65,0
DA:70,0
DA:71,0
DA:72,0
DA:73,0
DA:74,0
DA:80,0
DA:82,0
DA:83,0
DA:85,0
DA:86,0
DA:87,0
LF:43
LH:3
BRDA:5,0,0,0
BRDA:5,0,1,0
BRDA:5,1,0,0
BRDA:5,1,1,0
BRDA:8,2,0,0
BRDA:8,2,1,0
BRDA:8,3,0,0
BRDA:8,3,1,0
BRDA:35,4,0,0
BRDA:35,4,1,0
BRDA:66,5,0,0
BRDA:66,5,1,0
BRDA:85,6,0,0
BRDA:85,6,1,0
BRF:14
BRH:0
end_of_record
TN:
SF:D:\Development\WebStormWorkplace\varied-mobile\src\mixins\popup\context.js
FN:6,(anonymous_0)
FNF:1
FNH:1
FNDA:2,(anonymous_0)
DA:7,2
LF:1
LH:1
BRF:0
BRH:0
end_of_record
TN:
SF:D:\Development\WebStormWorkplace\varied-mobile\src\mixins\popup\index.js
FN:37,(anonymous_0)
FN:44,(anonymous_1)
FN:50,(anonymous_2)
FN:55,(anonymous_3)
FN:59,(anonymous_4)
FN:64,(anonymous_5)
FN:73,(anonymous_6)
FN:80,(anonymous_7)
FN:88,(anonymous_8)
FN:94,(anonymous_9)
FN:119,(anonymous_10)
FN:139,(anonymous_11)
FN:157,(anonymous_12)
FN:182,(anonymous_13)
FN:193,(anonymous_14)
FNF:15
FNH:6
FNDA:1,(anonymous_0)
FNDA:1,(anonymous_1)
FNDA:0,(anonymous_2)
FNDA:0,(anonymous_3)
FNDA:0,(anonymous_4)
FNDA:1,(anonymous_5)
FNDA:0,(anonymous_6)
FNDA:0,(anonymous_7)
[...]
FN:439,offsetTopPx
FN:443,scrollOffset
FN:1,(anonymous_33)
FNF:34
FNH:0
FNDA:0,(anonymous_0)
FNDA:0,data
FNDA:0,active
FNDA:0,children
FNDA:0,(anonymous_4)
FNDA:0,currentIndex
FNDA:0,scrollspy
FNDA:0,resize
FNDA:0,init
FNDA:0,(anonymous_9)
FNDA:0,setLine
FNDA:0,(anonymous_11)
FNDA:0,setCurrentIndexByName
FNDA:0,(anonymous_13)
FNDA:0,setCurrentIndex
FNDA:0,findAvailableTab
FNDA:0,onClick
FNDA:0,done
FNDA:0,scrollIntoView
FNDA:0,onStickyScroll
FNDA:0,scrollTo
FNDA:0,(anonymous_21)
FNDA:0,scrollToCurrentContent
FNDA:0,(anonymous_23)
FNDA:0,onScroll
FNDA:0,getCurrentIndexOnScroll
FNDA:0,mounted
FNDA:0,activated
FNDA:0,scrollable
FNDA:0,navStyle
FNDA:0,currentName
FNDA:0,offsetTopPx
FNDA:0,scrollOffset
FNDA:0,(anonymous_33)
DA:1,0
DA:104,0
DA:105,0
DA:106,0
DA:107,0
DA:108,0
DA:109,0
DA:110,0
DA:111,0
DA:112,0
DA:113,0
DA:114,0
DA:115,0
DA:116,0
DA:117,0
DA:129,0
DA:130,0
DA:133,0
DA:135,0
DA:136,0
DA:187,0
DA:200,0
DA:201,0
DA:205,0
DA:206,0
DA:207,0
DA:209,0
DA:210,0
DA:215,0
DA:216,0
DA:219,0
DA:220,0
DA:227,0
DA:228,0
DA:230,0
DA:237,0
DA:240,0
DA:241,0
DA:242,0
DA:243,0
DA:244,0
DA:249,0
DA:250,0
DA:252,0
DA:255,0
DA:261,0
DA:264,0
DA:266,0
DA:268,0
DA:274,0
DA:275,0
DA:278,0
DA:279,0
DA:280,0
DA:281,0
DA:284,0
DA:290,0
DA:291,0
DA:292,0
DA:296,0
DA:298,0
DA:299,0
DA:300,0
DA:301,0
DA:303,0
DA:304,0
DA:314,0
DA:316,0
DA:317,0
DA:318,0
DA:321,0
DA:326,0
DA:328,0
DA:329,0
DA:331,0
DA:335,0
DA:336,0
DA:340,0
DA:341,0
DA:346,0
DA:349,0
DA:350,0
DA:354,0
DA:355,0
DA:357,0
DA:361,0
DA:362,0
DA:366,0
DA:367,0
DA:368,0
DA:369,0
DA:373,0
DA:374,0
DA:375,0
DA:376,0
DA:378,0
DA:379,0
DA:382,0
DA:383,0
DA:384,0
DA:391,0
DA:392,0
DA:393,0
DA:397,0
DA:400,0
DA:401,0
DA:403,0
DA:404,0
DA:408,0
DA:412,0
DA:415,0
DA:416,0
DA:421,0
DA:425,0
DA:432,0
DA:434,0
DA:435,0
DA:440,0
DA:444,0
DA:445,0
DA:447,0
LF:121
LH:0
BRDA:129,0,0,0
BRDA:129,0,1,0
BRDA:135,1,0,0
BRDA:135,1,1,0
BRDA:200,2,0,0
BRDA:200,2,1,0
BRDA:206,3,0,0
BRDA:206,3,1,0
BRDA:219,4,0,0
BRDA:219,4,1,0
BRDA:219,5,0,0
BRDA:219,5,1,0
BRDA:227,6,0,0
BRDA:227,6,1,0
BRDA:255,7,0,0
BRDA:255,7,1,0
BRDA:255,8,0,0
BRDA:255,8,1,0
BRDA:255,8,2,0
BRDA:255,8,3,0
BRDA:274,9,0,0
BRDA:274,9,1,0
BRDA:278,10,0,0
BRDA:278,10,1,0
BRDA:291,11,0,0
BRDA:291,11,1,0
BRDA:292,12,0,0
BRDA:292,12,1,0
BRDA:298,13,0,0
BRDA:298,13,1,0
BRDA:298,14,0,0
BRDA:298,14,1,0
BRDA:303,15,0,0
BRDA:303,15,1,0
BRDA:314,16,0,0
BRDA:314,16,1,0
BRDA:316,17,0,0
BRDA:316,17,1,0
BRDA:317,18,0,0
BRDA:317,18,1,0
BRDA:328,19,0,0
BRDA:328,19,1,0
BRDA:349,20,0,0
BRDA:349,20,1,0
BRDA:349,21,0,0
BRDA:349,21,1,0
BRDA:349,21,2,0
BRDA:357,22,0,0
BRDA:357,22,1,0
BRDA:373,23,0,0
BRDA:373,23,1,0
BRDA:374,24,0,0
BRDA:374,24,1,0
BRDA:376,25,0,0
BRDA:376,25,1,0
BRDA:378,26,0,0
BRDA:378,26,1,0
BRDA:383,27,0,0
BRDA:383,27,1,0
BRDA:391,28,0,0
BRDA:391,28,1,0
BRDA:391,29,0,0
BRDA:391,29,1,0
BRDA:403,30,0,0
BRDA:403,30,1,0
BRDA:404,31,0,0
BRDA:404,31,1,0
BRDA:421,32,0,0
BRDA:421,32,1,0
BRDA:434,33,0,0
BRDA:434,33,1,0
BRDA:444,34,0,0
BRDA:444,34,1,0
BRDA:1,35,0,0
BRDA:1,35,1,0
BRF:75
BRH:0
end_of_record
TN:
SF:D:\Development\WebStormWorkplace\varied-mobile\src\tabs\title.vue
FN:52,onClick
FN:58,style
FN:1,(anonymous_2)
FNF:3
FNH:0
FNDA:0,onClick
FNDA:0,style
FNDA:0,(anonymous_2)
DA:1,0
DA:31,0
DA:32,0
DA:33,0
DA:53,0
DA:58,0
DA:59,0
DA:61,0
DA:64,0
DA:65,0
DA:67,0
DA:68,0
DA:69,0
DA:71,0
DA:76,0
DA:77,0
DA:78,0
DA:81,0
LF:18
LH:0
BRDA:64,0,0,0
BRDA:64,0,1,0
BRDA:64,1,0,0
BRDA:64,1,1,0
BRDA:67,2,0,0
BRDA:67,2,1,0
BRDA:68,3,0,0
BRDA:68,3,1,0
BRDA:76,4,0,0
BRDA:76,4,1,0
BRDA:77,5,0,0
BRDA:77,5,1,0
BRDA:1,6,0,0
BRDA:1,6,1,0
BRDA:1,7,0,0
BRDA:1,7,1,0
BRDA:1,7,2,0
BRF:17
BRH:0
end_of_record
TN:
SF:D:\Development\WebStormWorkplace\varied-mobile\src\tabs\utils.js
FN:11,scrollLeftTo
FN:18,animate
FN:29,scrollTopTo
FN:36,animate
FNF:4
FNH:0
FNDA:0,scrollLeftTo
FNDA:0,animate
FNDA:0,scrollTopTo
FNDA:0,animate
DA:12,0
DA:14,0
DA:15,0
DA:16,0
DA:19,0
DA:21,0
DA:22,0
DA:26,0
DA:30,0
DA:32,0
DA:33,0
DA:34,0
DA:37,0
DA:39,0
DA:40,0
DA:43,0
DA:45,0
DA:46,0
DA:47,0
DA:48,0
DA:52,0
LF:21
LH:0
BRDA:16,0,0,0
BRDA:16,0,1,0
BRDA:21,1,0,0
BRDA:21,1,1,0
BRDA:33,2,0,0
BRDA:33,2,1,0
BRDA:39,3,0,0
BRDA:39,3,1,0
BRDA:39,4,0,0
BRDA:39,4,1,0
BRDA:39,4,2,0
BRDA:39,4,3,0
BRDA:45,5,0,0
BRDA:45,5,1,0
BRDA:45,6,0,0
BRDA:45,6,1,0
BRDA:45,6,2,0
BRDA:45,6,3,0
BRDA:47,7,0,0
BRDA:47,7,1,0
BRF:20
BRH:0
end_of_record
TN:
SF:D:\Development\WebStormWorkplace\varied-mobile\src\toast\Toast.vue
FN:73,data
FN:84,style
FN:89,mounted
FN:93,destroyed
FN:98,value
FN:102,forbidClick
FN:108,toggleClickale
FN:1,(anonymous_7)
FNF:8
FNH:0
FNDA:0,data
FNDA:0,style
FNDA:0,mounted
FNDA:0,destroyed
FNDA:0,value
FNDA:0,forbidClick
FNDA:0,toggleClickale
FNDA:0,(anonymous_7)
DA:1,3
DA:42,1
DA:43,1
DA:45,1
DA:74,0
DA:85,0
DA:90,0
DA:94,0
DA:99,0
DA:103,0
DA:109,0
DA:110,0
DA:111,0
DA:112,0
DA:113,0
LF:15
LH:4
BRDA:85,0,0,0
BRDA:85,0,1,0
BRDA:109,1,0,0
BRDA:109,1,1,0
BRDA:110,2,0,0
BRDA:110,2,1,0
BRDA:112,3,0,0
BRDA:112,3,1,0
BRDA:1,4,0,0
BRDA:1,4,1,0
BRF:10
BRH:0
end_of_record
TN:
SF:D:\Development\WebStormWorkplace\varied-mobile\src\toast\index.js
FN:16,(anonymous_0)
FN:22,createInstance
FN:39,transformer
FN:44,Toast
FN:50,(anonymous_4)
FN:64,(anonymous_5)
FN:72,(anonymous_6)
FN:72,(anonymous_7)
FN:76,(anonymous_8)
FN:80,(anonymous_9)
FN:83,(anonymous_10)
FN:95,(anonymous_11)
FN:99,(anonymous_12)
FN:103,(anonymous_13)
FN:107,(anonymous_14)
FNF:15
FNH:2
FNDA:0,(anonymous_0)
FNDA:0,createInstance
FNDA:0,transformer
FNDA:0,Toast
FNDA:0,(anonymous_4)
FNDA:0,(anonymous_5)
FNDA:3,(anonymous_6)
FNDA:0,(anonymous_7)
FNDA:3,(anonymous_8)
FNDA:0,(anonymous_9)
FNDA:0,(anonymous_10)
FNDA:0,(anonymous_11)
FNDA:0,(anonymous_12)
FNDA:0,(anonymous_13)
FNDA:0,(anonymous_14)
DA:5,1
DA:16,1
DA:18,1
DA:19,1
DA:20,1
DA:24,0
DA:28,0
DA:29,0
DA:32,0
DA:33,0
DA:35,0
DA:40,0
DA:41,0
DA:45,0
DA:47,0
DA:51,0
DA:53,0
DA:54,0
DA:55,0
DA:60,0
DA:61,0
DA:63,0
DA:64,0
DA:65,0
DA:69,0
DA:72,3
DA:76,1
DA:77,3
DA:80,1
DA:81,0
DA:82,0
DA:83,0
DA:84,0
DA:86,0
DA:87,0
DA:88,0
DA:90,0
DA:95,1
DA:96,0
DA:99,1
DA:100,0
DA:103,1
DA:104,0
DA:107,1
DA:108,0
DA:111,1
LF:46
LH:14
BRDA:16,0,0,0
BRDA:16,0,1,0
BRDA:24,1,0,0
BRDA:28,2,0,0
BRDA:28,2,1,0
BRDA:28,3,0,0
BRDA:28,3,1,0
BRDA:44,4,0,0
BRDA:53,5,0,0
BRDA:53,5,1,0
BRDA:53,6,0,0
BRDA:53,6,1,0
BRDA:63,7,0,0
BRDA:63,7,1,0
BRDA:81,8,0,0
BRDA:81,8,1,0
BRDA:82,9,0,0
BRDA:82,9,1,0
BRDA:87,10,0,0
BRDA:87,10,1,0
BRDA:103,11,0,0
BRF:21
BRH:0
end_of_record
TN:
SF:D:\Development\WebStormWorkplace\varied-mobile\src\uploader\index.vue
FN:160,_default
FN:201,style
FN:212,previewSizeWithUnit
FN:217,value
FN:225,onClick
FN:228,getDetail
FN:235,onChange
FN:253,(anonymous_7)
FN:270,readFile
FN:280,(anonymous_9)
FN:282,(anonymous_11)
FN:296,(anonymous_12)
FN:308,onAfterRead
FN:318,(anonymous_14)
FN:346,onDelete
FN:355,(anonymous_16)
FN:367,deleteFile
FN:375,resetInput
FN:382,onPreviewImage
FN:387,(anonymous_20)
FN:388,(anonymous_21)
FN:393,onClose
FN:401,closeImagePreview
FN:408,chooseFile
FN:1,(anonymous_25)
FNF:25
FNH:0
FNDA:0,_default
FNDA:0,style
FNDA:0,previewSizeWithUnit
FNDA:0,value
FNDA:0,onClick
FNDA:0,getDetail
FNDA:0,onChange
FNDA:0,(anonymous_7)
FNDA:0,readFile
FNDA:0,(anonymous_9)
FNDA:0,(anonymous_11)
FNDA:0,(anonymous_12)
FNDA:0,onAfterRead
FNDA:0,(anonymous_14)
FNDA:0,onDelete
FNDA:0,(anonymous_16)
FNDA:0,deleteFile
FNDA:0,resetInput
FNDA:0,onPreviewImage
FNDA:0,(anonymous_20)
FNDA:0,(anonymous_21)
FNDA:0,onClose
FNDA:0,closeImagePreview
FNDA:0,chooseFile
FNDA:0,(anonymous_25)
DA:1,0
DA:115,0
DA:118,0
DA:119,0
DA:120,0
DA:123,0
DA:126,0
DA:127,0
DA:128,0
DA:129,0
DA:160,0
DA:203,0
DA:204,0
DA:205,0
DA:210,0
DA:213,0
DA:218,0
DA:226,0
DA:228,0
DA:229,0
DA:235,0
DA:238,0
DA:239,0
DA:242,0
DA:244,0
DA:245,0
DA:247,0
DA:248,0
DA:249,0
DA:252,0
DA:253,0
DA:255,0
DA:256,0
DA:258,0
DA:263,0
DA:267,0
DA:270,0
DA:271,0
DA:273,0
DA:274,0
DA:276,0
DA:277,0
DA:280,0
DA:282,0
DA:283,0
DA:285,0
DA:286,0
DA:289,0
DA:292,0
DA:296,0
DA:297,0
DA:299,0
DA:300,0
DA:303,0
DA:308,0
DA:309,0
DA:311,0
DA:313,0
DA:314,0
DA:315,0
DA:316,0
DA:317,0
DA:318,0
DA:319,0
DA:320,0
DA:321,0
DA:323,0
DA:328,0
DA:330,0
DA:333,0
DA:337,0
DA:338,0
DA:340,0
DA:341,0
DA:346,0
DA:347,0
DA:348,0
DA:350,0
DA:351,0
DA:354,0
DA:355,0
DA:357,0
DA:360,0
DA:364,0
DA:368,0
DA:369,0
DA:371,0
DA:372,0
DA:377,0
DA:378,0
DA:382,0
DA:383,0
DA:384,0
DA:387,0
DA:388,0
DA:390,0
DA:394,0
DA:402,0
DA:403,0
DA:409,0
DA:410,0
DA:413,0
DA:414,0
LF:103
LH:0
BRDA:203,0,0,0
BRDA:203,0,1,0
BRDA:228,1,0,0
BRDA:228,1,1,0
BRDA:238,2,0,0
BRDA:238,2,1,0
BRDA:238,3,0,0
BRDA:238,3,1,0
BRDA:242,4,0,0
BRDA:242,4,1,0
BRDA:244,5,0,0
BRDA:244,5,1,0
BRDA:247,6,0,0
BRDA:247,6,1,0
BRDA:252,7,0,0
BRDA:252,7,1,0
BRDA:255,8,0,0
BRDA:255,8,1,0
BRDA:273,9,0,0
BRDA:273,9,1,0
BRDA:276,10,0,0
BRDA:276,10,1,0
BRDA:285,11,0,0
BRDA:285,11,1,0
BRDA:299,12,0,0
BRDA:299,12,1,0
BRDA:313,13,0,0
BRDA:313,13,1,0
BRDA:315,14,0,0
BRDA:315,14,1,0
BRDA:319,15,0,0
BRDA:319,15,1,0
BRDA:320,16,0,0
BRDA:320,16,1,0
BRDA:333,17,0,0
BRDA:333,17,1,0
BRDA:337,18,0,0
BRDA:337,18,1,0
BRDA:340,19,0,0
BRDA:340,19,1,0
BRDA:347,20,0,0
BRDA:347,20,1,0
BRDA:350,21,0,0
BRDA:350,21,1,0
BRDA:354,22,0,0
BRDA:354,22,1,0
BRDA:377,23,0,0
BRDA:383,24,0,0
BRDA:383,24,1,0
BRDA:388,25,0,0
BRDA:388,25,1,0
BRDA:402,26,0,0
BRDA:402,26,1,0
BRDA:409,27,0,0
BRDA:409,27,1,0
BRDA:413,28,0,0
BRDA:1,29,0,0
BRDA:1,29,1,0
BRF:58
BRH:0
end_of_record
TN:
SF:D:\Development\WebStormWorkplace\varied-mobile\src\uploader\utils.js
FN:3,toArray
FN:11,readFile
FN:12,(anonymous_2)
FN:20,(anonymous_3)
FN:32,isOversize
FN:33,(anonymous_5)
FN:47,isImageUrl
FN:51,isImageFile
FNF:8
FNH:0
FNDA:0,toArray
FNDA:0,readFile
FNDA:0,(anonymous_2)
FNDA:0,(anonymous_3)
FNDA:0,isOversize
FNDA:0,(anonymous_5)
FNDA:0,isImageUrl
FNDA:0,isImageFile
DA:1,0
DA:4,0
DA:5,0
DA:8,0
DA:12,0
DA:13,0
DA:14,0
DA:15,0
DA:18,0
DA:20,0
DA:21,0
DA:24,0
DA:25,0
DA:26,0
DA:27,0
DA:33,0
DA:36,0
DA:45,0
DA:48,0
DA:54,0
DA:55,0
DA:58,0
DA:59,0
DA:62,0
DA:63,0
DA:66,0
DA:67,0
DA:70,0
LF:28
LH:0
BRDA:4,0,0,0
BRDA:4,0,1,0
BRDA:13,1,0,0
BRDA:13,1,1,0
BRDA:24,2,0,0
BRDA:24,2,1,0
BRDA:26,3,0,0
BRDA:26,3,1,0
BRDA:54,4,0,0
BRDA:54,4,1,0
BRDA:58,5,0,0
BRDA:58,5,1,0
BRDA:58,6,0,0
BRDA:58,6,1,0
BRDA:62,7,0,0
BRDA:62,7,1,0
BRDA:66,8,0,0
BRDA:66,8,1,0
BRF:18
BRH:0
end_of_record
TN:
SF:D:\Development\WebStormWorkplace\varied-mobile\src\utils\commonUtils.js
FN:4,(anonymous_0)
FN:7,(anonymous_1)
FN:10,(anonymous_2)
FN:13,(anonymous_3)
FN:23,(anonymous_4)
FN:48,(anonymous_5)
FNF:6
FNH:0
FNDA:0,(anonymous_0)
FNDA:0,(anonymous_1)
FNDA:0,(anonymous_2)
FNDA:0,(anonymous_3)
FNDA:0,(anonymous_4)
FNDA:0,(anonymous_5)
DA:4,0
DA:5,0
DA:7,0
DA:8,0
DA:10,0
DA:11,0
DA:12,0
DA:13,0
DA:14,0
DA:15,0
DA:19,0
DA:21,0
DA:23,0
DA:24,0
DA:25,0
DA:26,0
DA:27,0
DA:28,0
DA:29,0
DA:30,0
DA:31,0
DA:32,0
DA:33,0
DA:35,0
DA:36,0
DA:37,0
DA:40,0
DA:41,0
DA:43,0
DA:44,0
DA:45,0
DA:46,0
DA:48,0
DA:49,0
DA:50,0
DA:51,0
DA:52,0
DA:53,0
DA:54,0
DA:56,0
DA:57,0
DA:59,0
DA:60,0
LF:43
LH:0
BRDA:14,0,0,0
BRDA:14,0,1,0
BRDA:14,1,0,0
BRDA:14,1,1,0
BRDA:33,2,0,0
BRDA:33,2,1,0
BRDA:33,3,0,0
BRDA:33,3,1,0
BRDA:35,4,0,0
BRDA:35,4,1,0
BRDA:37,5,0,0
BRDA:37,5,1,0
BRDA:37,6,0,0
BRDA:37,6,1,0
BRDA:41,7,0,0
BRDA:41,7,1,0
BRDA:41,8,0,0
BRDA:41,8,1,0
BRF:18
BRH:0
end_of_record
TN:
SF:D:\Development\WebStormWorkplace\varied-mobile\src\utils\create-basic.js
FN:8,install
FN:14,returnArray
FN:18,defaultProps
FN:19,(anonymous_3)
FN:34,(anonymous_4)
FNF:5
FNH:3
FNDA:0,install
FNDA:0,returnArray
FNDA:10,defaultProps
FNDA:83,(anonymous_3)
FNDA:10,(anonymous_4)
DA:9,0
DA:10,0
DA:11,0
DA:15,0
DA:19,10
DA:20,83
DA:21,0
DA:25,83
DA:26,0
DA:35,10
DA:36,10
DA:37,10
DA:38,10
DA:39,10
DA:40,10
DA:41,10
DA:43,10
LF:17
LH:11
BRDA:20,0,0,0
BRDA:20,0,1,83
BRDA:25,1,0,0
BRDA:25,1,1,83
BRDA:36,2,0,10
BRDA:36,2,1,10
BRDA:37,3,0,10
BRDA:37,3,1,6
BRDA:39,4,0,10
BRDA:39,4,1,4
BRDA:41,5,0,10
BRDA:41,5,1,10
BRF:12
BRH:10
end_of_record
TN:
SF:D:\Development\WebStormWorkplace\varied-mobile\src\utils\create.js
FN:10,(anonymous_0)
FNF:1
FNH:1
FNDA:5,(anonymous_0)
DA:11,5
DA:17,5
LF:2
LH:2
BRDA:11,0,0,5
BRDA:11,0,1,3
BRF:2
BRH:2
end_of_record
TN:
SF:D:\Development\WebStormWorkplace\varied-mobile\src\utils\deep-assign.js
FN:6,assignKey
FN:20,assign
FN:21,(anonymous_2)
FNF:3
FNH:0
FNDA:0,assignKey
FNDA:0,assign
FNDA:0,(anonymous_2)
DA:4,0
DA:7,0
DA:9,0
DA:10,0
DA:13,0
DA:14,0
DA:16,0
DA:21,0
DA:22,0
DA:25,0
LF:10
LH:0
BRDA:9,0,0,0
BRDA:9,0,1,0
BRDA:9,1,0,0
BRDA:9,1,1,0
BRDA:9,1,2,0
BRDA:13,2,0,0
BRDA:13,2,1,0
BRDA:13,3,0,0
BRDA:13,3,1,0
BRF:9
BRH:0
end_of_record
TN:
SF:D:\Development\WebStormWorkplace\varied-mobile\src\utils\deep-clone.js
FN:3,deepClone
FN:5,(anonymous_1)
FNF:2
FNH:0
FNDA:0,deepClone
FNDA:0,(anonymous_1)
DA:4,0
DA:5,0
DA:7,0
DA:8,0
DA:10,0
LF:5
LH:0
BRDA:4,0,0,0
BRDA:4,0,1,0
BRDA:7,1,0,0
BRDA:7,1,1,0
BRF:4
BRH:0
end_of_record
TN:
SF:D:\Development\WebStormWorkplace\varied-mobile\src\utils\index.js
FN:6,isDef
FN:10,isObj
FN:15,get
FN:19,(anonymous_3)
FN:27,camelize
FN:28,(anonymous_5)
FN:31,isAndroid
FN:36,range
FN:40,isFunction
FN:45,noop
FN:47,isPromise
FNF:11
FNH:1
FNDA:15,isDef
FNDA:0,isObj
FNDA:0,get
FNDA:0,(anonymous_3)
FNDA:0,camelize
FNDA:0,(anonymous_5)
FNDA:0,isAndroid
FNDA:0,range
FNDA:0,isFunction
FNDA:0,noop
FNDA:0,isPromise
DA:3,1
DA:4,1
DA:7,15
DA:11,0
DA:12,0
DA:16,0
DA:17,0
DA:19,0
DA:20,0
DA:23,0
DA:26,1
DA:28,0
DA:37,0
DA:41,0
DA:48,0
LF:15
LH:4
BRDA:7,0,0,15
BRDA:7,0,1,0
BRDA:12,1,0,0
BRDA:12,1,1,0
BRDA:12,1,2,0
BRDA:20,2,0,0
BRDA:20,2,1,0
BRDA:48,3,0,0
BRDA:48,3,1,0
BRDA:48,3,2,0
BRF:10
BRH:1
end_of_record
TN:
SF:D:\Development\WebStormWorkplace\varied-mobile\src\utils\interceptor.js
FN:3,callInterceptor
FN:11,(anonymous_1)
FNF:2
FNH:0
FNDA:0,callInterceptor
FNDA:0,(anonymous_1)
DA:4,0
DA:6,0
DA:7,0
DA:9,0
DA:10,0
DA:12,0
DA:13,0
DA:17,0
DA:18,0
DA:21,0
LF:10
LH:0
BRDA:6,0,0,0
BRDA:6,0,1,0
BRDA:9,1,0,0
BRDA:9,1,1,0
BRDA:12,2,0,0
BRDA:12,2,1,0
BRDA:17,3,0,0
BRDA:17,3,1,0
BRF:8
BRH:0
end_of_record
TN:
SF:D:\Development\WebStormWorkplace\varied-mobile\src\utils\router.js
FN:5,isRedundantNavigation
FN:13,route
FN:20,(anonymous_2)
FN:31,functionalRoute
FNF:4
FNH:0
FNDA:0,isRedundantNavigation
FNDA:0,route
FNDA:0,(anonymous_2)
FNDA:0,functionalRoute
DA:6,0
DA:14,0
DA:15,0
DA:16,0
DA:19,0
DA:20,0
DA:21,0
DA:22,0
DA:26,0
DA:27,0
DA:32,0
DA:35,0
LF:12
LH:0
BRDA:7,0,0,0
BRDA:7,0,1,0
BRDA:7,0,2,0
BRDA:15,1,0,0
BRDA:15,1,1,0
BRDA:15,2,0,0
BRDA:15,2,1,0
BRDA:16,3,0,0
BRDA:16,3,1,0
BRDA:19,4,0,0
BRDA:19,5,0,0
BRDA:19,5,1,0
BRDA:21,6,0,0
BRDA:21,6,1,0
BRDA:21,7,0,0
BRDA:21,7,1,0
BRDA:26,8,0,0
BRDA:26,8,1,0
BRDA:27,9,0,0
BRDA:27,9,1,0
BRDA:32,10,0,0
BRDA:32,10,1,0
BRF:22
BRH:0
end_of_record
TN:
SF:D:\Development\WebStormWorkplace\varied-mobile\src\utils\vnodes.js
FN:1,flattenVNodes
FN:4,traverse
FN:5,(anonymous_2)
FN:9,(anonymous_3)
FN:23,sortChildren
FN:30,(anonymous_5)
FNF:6
FNH:0
FNDA:0,flattenVNodes
FNDA:0,traverse
FNDA:0,(anonymous_2)
FNDA:0,(anonymous_3)
FNDA:0,sortChildren
FNDA:0,(anonymous_5)
DA:2,0
DA:5,0
DA:6,0
DA:8,0
DA:9,0
DA:12,0
DA:13,0
DA:18,0
DA:19,0
DA:24,0
DA:25,0
DA:26,0
DA:29,0
DA:30,0
LF:14
LH:0
BRDA:8,0,0,0
BRDA:8,0,1,0
BRDA:12,1,0,0
BRDA:12,1,1,0
BRDA:25,2,0,0
BRDA:25,2,1,0
BRDA:25,3,0,0
BRDA:25,3,1,0
BRF:8
BRH:0
end_of_record
TN:
SF:D:\Development\WebStormWorkplace\varied-mobile\src\utils\dom\event.js
FN:11,(anonymous_0)
FN:20,on
FN:29,off
FN:33,stopPropagation
FN:37,preventDefault
FNF:5
FNH:1
FNDA:0,(anonymous_0)
FNDA:2,on
FNDA:0,off
FNDA:0,stopPropagation
FNDA:0,preventDefault
DA:5,1
DA:7,1
DA:8,1
DA:9,1
DA:10,1
DA:16,1
DA:21,2
DA:30,0
DA:34,0
DA:39,0
DA:40,0
DA:43,0
DA:44,0
LF:13
LH:7
BRDA:7,0,0,1
BRDA:7,0,1,0
BRDA:20,1,0,2
BRDA:21,2,0,2
BRDA:21,2,1,2
BRDA:25,3,0,0
BRDA:25,3,1,2
BRDA:30,4,0,0
BRDA:30,4,1,0
BRDA:39,5,0,0
BRDA:39,6,0,0
BRDA:39,6,1,0
BRDA:43,7,0,0
BRDA:43,7,1,0
BRF:14
BRH:5
end_of_record
TN:
SF:D:\Development\WebStormWorkplace\varied-mobile\src\utils\dom\raf.js
FN:31,raf
FN:35,cancel
FN:40,doubleRaf
FN:41,(anonymous_3)
FNF:4
FNH:0
FNDA:0,raf
FNDA:0,cancel
FNDA:0,doubleRaf
FNDA:0,(anonymous_3)
DA:7,0
DA:32,0
DA:36,0
DA:41,0
DA:42,0
LF:5
LH:0
BRF:0
BRH:0
end_of_record
TN:
SF:D:\Development\WebStormWorkplace\varied-mobile\src\utils\dom\scroll.js
FN:3,isWindow
FN:11,(anonymous_1)
FN:42,(anonymous_2)
FN:50,(anonymous_3)
FN:57,(anonymous_4)
FN:64,(anonymous_5)
FN:70,(anonymous_6)
FN:77,(anonymous_7)
FNF:8
FNH:2
FNDA:0,isWindow
FNDA:0,(anonymous_1)
FNDA:1,(anonymous_2)
FNDA:1,(anonymous_3)
FNDA:0,(anonymous_4)
FNDA:0,(anonymous_5)
FNDA:0,(anonymous_6)
FNDA:0,(anonymous_7)
DA:4,0
DA:7,1
DA:12,0
DA:14,0
DA:20,0
DA:22,0
DA:23,0
DA:24,0
DA:28,0
DA:32,0
DA:33,0
DA:36,0
DA:39,0
DA:44,1
DA:47,1
DA:51,1
DA:58,0
DA:65,0
DA:71,0
DA:72,0
DA:74,0
DA:78,0
DA:79,0
LF:23
LH:4
BRDA:11,0,0,0
BRDA:15,1,0,0
BRDA:15,1,1,0
BRDA:15,1,2,0
BRDA:15,1,3,0
BRDA:22,2,0,0
BRDA:22,2,1,0
BRDA:23,3,0,0
BRDA:23,3,1,0
BRDA:32,4,0,0
BRDA:32,4,1,0
BRDA:44,5,0,1
BRDA:44,5,1,0
BRDA:51,6,0,1
BRDA:51,6,1,0
BRDA:59,7,0,0
BRDA:59,7,1,0
BRDA:65,8,0,0
BRDA:65,8,1,0
BRDA:71,9,0,0
BRDA:71,9,1,0
BRDA:83,10,0,1
BRDA:83,10,1,1
BRF:23
BRH:4
end_of_record
TN:
SF:D:\Development\WebStormWorkplace\varied-mobile\src\utils\dom\style.js
FN:1,isHidden
FNF:1
FNH:0
FNDA:0,isHidden
DA:2,0
DA:3,0
DA:8,0
DA:10,0
LF:4
LH:0
BRDA:8,0,0,0
BRDA:8,0,1,0
BRDA:10,1,0,0
BRDA:10,1,1,0
BRF:4
BRH:0
end_of_record
TN:
SF:D:\Development\WebStormWorkplace\varied-mobile\src\utils\format\number.js
FN:1,(anonymous_0)
FN:5,(anonymous_1)
FN:19,(anonymous_2)
FNF:3
FNH:0
FNDA:0,(anonymous_0)
FNDA:0,(anonymous_1)
FNDA:0,(anonymous_2)
DA:1,0
DA:2,0
DA:5,0
DA:6,0
DA:8,0
DA:9,0
DA:12,0
DA:13,0
DA:16,0
DA:19,0
DA:20,0
DA:21,0
DA:23,0
DA:26,0
DA:27,0
DA:29,0
DA:32,0
DA:34,0
LF:18
LH:0
BRDA:8,0,0,0
BRDA:8,0,1,0
BRDA:12,1,0,0
BRDA:12,1,1,0
BRDA:12,2,0,0
BRDA:12,2,1,0
BRDA:19,3,0,0
BRDA:19,4,0,0
BRDA:20,5,0,0
BRDA:20,5,1,0
BRDA:26,6,0,0
BRDA:26,6,1,0
BRDA:32,7,0,0
BRDA:32,7,1,0
BRF:14
BRH:0
end_of_record
TN:
SF:D:\Development\WebStormWorkplace\varied-mobile\src\utils\format\string.js
FN:3,camelize
FN:4,(anonymous_1)
FN:7,padZero
FNF:3
FNH:0
FNDA:0,camelize
FNDA:0,(anonymous_1)
FNDA:0,padZero
DA:1,0
DA:4,0
DA:8,0
DA:10,0
DA:11,0
DA:14,0
LF:6
LH:0
BRDA:7,0,0,0
BRF:1
BRH:0
end_of_record
TN:
SF:D:\Development\WebStormWorkplace\varied-mobile\src\utils\format\unit.js
FN:4,addUnit
FN:23,getRootFontSize
FN:35,convertRem
FN:40,convertVw
FN:45,unitToPx
FNF:5
FNH:1
FNDA:11,addUnit
FNDA:0,getRootFontSize
FNDA:0,convertRem
FNDA:0,convertVw
FNDA:0,unitToPx
DA:5,11
DA:6,11
DA:9,0
DA:10,0
DA:11,0
DA:12,0
DA:15,0
DA:17,0
DA:24,0
DA:25,0
DA:27,0
DA:29,0
DA:32,0
DA:36,0
DA:37,0
DA:41,0
DA:42,0
DA:46,0
DA:47,0
DA:50,0
DA:51,0
DA:52,0
DA:55,0
DA:56,0
DA:60,0
LF:25
LH:2
BRDA:4,0,0,11
BRDA:5,1,0,11
BRDA:5,1,1,0
BRDA:9,2,0,0
BRDA:9,2,1,0
BRDA:9,3,0,0
BRDA:9,3,1,0
BRDA:17,4,0,0
BRDA:17,4,1,0
BRDA:24,5,0,0
BRDA:24,5,1,0
BRDA:27,6,0,0
BRDA:27,6,1,0
BRDA:46,7,0,0
BRDA:46,7,1,0
BRDA:50,8,0,0
BRDA:50,8,1,0
BRDA:51,9,0,0
BRDA:51,9,1,0
BRDA:55,10,0,0
BRDA:55,10,1,0
BRF:21
BRH:2
end_of_record
TN:
SF:D:\Development\WebStormWorkplace\varied-mobile\src\utils\validate\date.js
FN:3,isDate
FNF:1
FNH:1
FNDA:2,isDate
DA:4,2
LF:1
LH:1
BRDA:5,0,0,2
BRDA:5,0,1,2
BRF:2
BRH:2
end_of_record
TN:
SF:D:\Development\WebStormWorkplace\varied-mobile\src\utils\validate\email.js
FN:2,email
FNF:1
FNH:0
FNDA:0,email
DA:3,0
DA:4,0
LF:2
LH:0
BRF:0
BRH:0
end_of_record
TN:
SF:D:\Development\WebStormWorkplace\varied-mobile\src\utils\validate\mobile.js
FN:1,mobile
FNF:1
FNH:0
FNDA:0,mobile
DA:2,0
DA:3,0
LF:2
LH:0
BRDA:3,0,0,0
BRDA:3,0,1,0
BRF:2
BRH:0
end_of_record
TN:
SF:D:\Development\WebStormWorkplace\varied-mobile\src\utils\validate\number.js
FN:1,number
FN:5,isNumeric
FN:9,isNaN
FNF:3
FNH:1
FNDA:0,number
FNDA:0,isNumeric
FNDA:2,isNaN
DA:2,0
DA:6,0
DA:10,2
DA:11,2
DA:15,0
LF:5
LH:2
BRDA:10,0,0,2
BRDA:10,0,1,0
BRF:2
BRH:1
end_of_record
TN:
SF:D:\Development\WebStormWorkplace\varied-mobile\src\utils\validate\src.js
FN:4,src
FNF:1
FNH:0
FNDA:0,src
DA:5,0
LF:1
LH:0
BRF:0
BRH:0
end_of_record
TN:
SF:D:\Development\WebStormWorkplace\varied-mobile\src\utils\validate\system.js
FN:3,isAndroid
FN:8,isIOS
FNF:2
FNH:0
FNDA:0,isAndroid
FNDA:0,isIOS
LF:0
LH:0
BRF:0
BRH:0
end_of_record
